#
# A fatal error has been detected by the Java Runtime Environment:
#
#  SIGSEGV (0xb) at pc=0x00007f6754123718, pid=17146, tid=140082309981952
#
# JRE version: Java(TM) SE Runtime Environment (8.0_05-b13) (build 1.8.0_05-b13)
# Java VM: Java HotSpot(TM) 64-Bit Server VM (25.5-b02 mixed mode linux-amd64 compressed oops)
# Problematic frame:
# C  [libgobject-2.0.so.0+0x19718]  g_object_get_qdata+0x18
#
# Failed to write core dump. Core dumps have been disabled. To enable core dumping, try "ulimit -c unlimited" before starting Java again
#
# If you would like to submit a bug report, please visit:
#   http://bugreport.sun.com/bugreport/crash.jsp
# The crash happened outside the Java Virtual Machine in native code.
# See problematic frame for where to report the bug.
#

---------------  T H R E A D  ---------------

Current thread (0x00007f676c00a000):  JavaThread "main" [_thread_in_native, id=17184, stack(0x00007f6774436000,0x00007f6774537000)]

siginfo:si_signo=SIGSEGV: si_errno=0, si_code=1 (SEGV_MAPERR), si_addr=0x0000000000000e10

Registers:
RAX=0x0000000000000e10, RBX=0x00007f676c7bfe20, RCX=0x0000000000000033, RDX=0x00007f676c7bfe20
RSP=0x00007f67745345a0, RBP=0x0000000000000033, RSI=0x0000000000000033, RDI=0x00007f676c7bfe20
R8 =0x00000000f01583b8, R9 =0x0000000000000000, R10=0x00007f675d263344, R11=0x00000000f01a4fa0
R12=0x0000000000000000, R13=0x00007f6774534690, R14=0x00007f6774534600, R15=0x00007f676c00a000
RIP=0x00007f6754123718, EFLAGS=0x0000000000010202, CSGSFS=0x0000000000000033, ERR=0x0000000000000004
  TRAPNO=0x000000000000000e

Top of Stack: (sp=0x00007f67745345a0)
0x00007f67745345a0:   00007f6774534600 0000000000000001
0x00007f67745345b0:   00007f6774534610 00007f6756b53323
0x00007f67745345c0:   0000000000000000 00007f675d2633b6
0x00007f67745345d0:   00007f6774534648 00007f675d007210
0x00007f67745345e0:   00007f6774534648 00007f675d006fa0
0x00007f67745345f0:   00000000f01a4fa0 0000000000000000
0x00007f6774534600:   00000000f01a4748 00007f6774534608
0x00007f6774534610:   00007f67745346e8 00007f675d27eebc
0x00007f6774534620:   00007f675cd81028 0000000000000000
0x00007f6774534630:   00007f675cd279d8 0000000000000000
0x00007f6774534640:   00007f676c7bfe20 00007f6700000033
0x00007f6774534650:   00007f675d0072e0 0000000000000000
0x00007f6774534660:   0000000000000000 00000000fab8ef28
0x00007f6774534670:   00007f67745346e8 00007f675d006fa0
0x00007f6774534680:   00007f67745346c0 00007f675d006fa0
0x00007f6774534690:   0000000000000033 00007f676c7bfe20
0x00007f67745346a0:   0000000000000000 00007f67745346a8
0x00007f67745346b0:   00007f675cc7ea53 00007f6774534718
0x00007f67745346c0:   00007f675cc854d8 0000000000000000
0x00007f67745346d0:   00007f675cc7ea98 00007f6774534690
0x00007f67745346e0:   00007f6774534708 00007f6774534760
0x00007f67745346f0:   00007f675d007210 0000000000000000
0x00007f6774534700:   0000000000000000 00007f676c7bfe20
0x00007f6774534710:   00007f676c7bfe20 00000000f0202ba0
0x00007f6774534720:   00007f6774534720 00007f671c28c2ed
0x00007f6774534730:   00007f6774534780 00007f671c290608
0x00007f6774534740:   0000000000000000 00007f671c28c330
0x00007f6774534750:   00007f6774534708 00007f6774534780
0x00007f6774534760:   00007f67745347c8 00007f675d0072e0
0x00007f6774534770:   0000000000000000 0000000000000000
0x00007f6774534780:   00000000fab8ef28 00007f6774534788
0x00007f6774534790:   00007f675cd3a5c9 00007f67745347d8 

Instructions: (pc=0x00007f6754123718)
0x00007f67541236f8:   0f 1f 84 00 00 00 00 00 55 53 48 89 fb 48 83 ec
0x00007f6754123708:   08 48 85 ff 74 21 48 8b 07 89 f5 48 85 c0 74 06
0x00007f6754123718:   48 83 38 50 74 3a be 50 00 00 00 48 89 df e8 05
0x00007f6754123728:   86 01 00 85 c0 75 29 48 8d 15 30 1e 02 00 48 8d 

Register to memory mapping:

RAX=0x0000000000000e10 is an unknown value
RBX=0x00007f676c7bfe20 is an unknown value
RCX=0x0000000000000033 is an unknown value
RDX=0x00007f676c7bfe20 is an unknown value
RSP=0x00007f67745345a0 is pointing into the stack for thread: 0x00007f676c00a000
RBP=0x0000000000000033 is an unknown value
RSI=0x0000000000000033 is an unknown value
RDI=0x00007f676c7bfe20 is an unknown value
R8 =0x00000000f01583b8 is an oop
java.lang.Thread 
 - klass: 'java/lang/Thread'
R9 =0x0000000000000000 is an unknown value
R10=0x00007f675d263344 is at entry_point+68 in (nmethod*)0x00007f675d263190
R11=0x00000000f01a4fa0 is an oop
org.eclipse.swt.internal.Lock 
 - klass: 'org/eclipse/swt/internal/Lock'
R12=0x0000000000000000 is an unknown value
R13=0x00007f6774534690 is pointing into the stack for thread: 0x00007f676c00a000
R14=0x00007f6774534600 is pointing into the stack for thread: 0x00007f676c00a000
R15=0x00007f676c00a000 is a thread


Stack: [0x00007f6774436000,0x00007f6774537000],  sp=0x00007f67745345a0,  free space=1017k
Native frames: (J=compiled Java code, j=interpreted, Vv=VM code, C=native code)
C  [libgobject-2.0.so.0+0x19718]  g_object_get_qdata+0x18

Java frames: (J=compiled Java code, j=interpreted, Vv=VM code)
J 547  org.eclipse.swt.internal.gtk.OS._g_object_get_qdata(JI)J (0 bytes) @ 0x00007f675d263344 [0x00007f675d263300+0x44]
J 546 C1 org.eclipse.swt.internal.gtk.OS.g_object_get_qdata(JI)J (37 bytes) @ 0x00007f675d27eebc [0x00007f675d27ee20+0x9c]
j  org.eclipse.swt.widgets.Display.removeWidget(J)Lorg/eclipse/swt/widgets/Widget;+19
j  org.eclipse.swt.widgets.Combo.deregister()V+21
j  org.eclipse.swt.widgets.Widget.releaseWidget()V+1
j  org.eclipse.swt.widgets.Control.releaseWidget()V+1
j  org.eclipse.swt.widgets.Composite.releaseWidget()V+1
j  org.eclipse.swt.widgets.Combo.releaseWidget()V+1
j  org.eclipse.swt.widgets.Widget.release(Z)V+82
j  org.eclipse.swt.widgets.Control.release(Z)V+86
j  org.eclipse.swt.widgets.Composite.releaseChildren(Z)V+31
j  org.eclipse.swt.widgets.Widget.release(Z)V+38
j  org.eclipse.swt.widgets.Control.release(Z)V+86
j  org.eclipse.swt.widgets.Composite.releaseChildren(Z)V+31
j  org.eclipse.swt.widgets.Widget.release(Z)V+38
j  org.eclipse.swt.widgets.Control.release(Z)V+86
j  org.eclipse.swt.widgets.Composite.releaseChildren(Z)V+31
j  org.eclipse.swt.widgets.Canvas.releaseChildren(Z)V+42
j  org.eclipse.swt.widgets.Decorations.releaseChildren(Z)V+22
j  org.eclipse.swt.widgets.Shell.releaseChildren(Z)V+100
j  org.eclipse.swt.widgets.Widget.release(Z)V+38
j  org.eclipse.swt.widgets.Control.release(Z)V+86
j  org.eclipse.swt.widgets.Widget.dispose()V+23
j  org.eclipse.swt.widgets.Shell.dispose()V+20
j  org.eclipse.jface.window.Window.close()Z+65
j  org.eclipse.jface.dialogs.Dialog.close()Z+26
j  org.eclipse.jface.dialogs.Dialog.okPressed()V+6
j  com.android.sdkuilib.internal.widgets.AvdCreationDialog.okPressed()V+8
j  org.eclipse.jface.dialogs.Dialog.buttonPressed(I)V+5
j  org.eclipse.jface.dialogs.Dialog$2.widgetSelected(Lorg/eclipse/swt/events/SelectionEvent;)V+17
j  org.eclipse.swt.widgets.TypedListener.handleEvent(Lorg/eclipse/swt/widgets/Event;)V+1003
J 1435 C1 org.eclipse.swt.widgets.EventTable.sendEvent(Lorg/eclipse/swt/widgets/Event;)V (253 bytes) @ 0x00007f675d52abb4 [0x00007f675d52a8a0+0x314]
J 3244 C2 org.eclipse.swt.widgets.Display.readAndDispatch()Z (58 bytes) @ 0x00007f675db98428 [0x00007f675db97f00+0x528]
j  org.eclipse.jface.window.Window.runEventLoop(Lorg/eclipse/swt/widgets/Shell;)V+23
j  org.eclipse.jface.window.Window.open()I+49
j  com.android.sdkuilib.internal.widgets.AvdSelector.onNew()V+29
j  com.android.sdkuilib.internal.widgets.AvdSelector.access$100(Lcom/android/sdkuilib/internal/widgets/AvdSelector;)V+1
j  com.android.sdkuilib.internal.widgets.AvdSelector$2.widgetSelected(Lorg/eclipse/swt/events/SelectionEvent;)V+4
j  org.eclipse.swt.widgets.TypedListener.handleEvent(Lorg/eclipse/swt/widgets/Event;)V+1003
J 1435 C1 org.eclipse.swt.widgets.EventTable.sendEvent(Lorg/eclipse/swt/widgets/Event;)V (253 bytes) @ 0x00007f675d52abb4 [0x00007f675d52a8a0+0x314]
J 1107 C1 org.eclipse.swt.widgets.Display.runDeferredEvents()Z (109 bytes) @ 0x00007f675d425b7c [0x00007f675d425480+0x6fc]
J 649 C1 org.eclipse.swt.widgets.Display.readAndDispatch()Z (58 bytes) @ 0x00007f675d2c16ec [0x00007f675d2c13e0+0x30c]
j  com.android.sdkuilib.internal.repository.ui.SdkUpdaterWindowImpl2.open()V+68
j  com.android.sdkuilib.repository.SdkUpdaterWindow.open()V+4
j  com.android.sdkmanager.Main.showSdkManagerWindow()V+32
j  com.android.sdkmanager.Main.doAction()V+451
j  com.android.sdkmanager.Main.run([Ljava/lang/String;)V+21
j  com.android.sdkmanager.Main.main([Ljava/lang/String;)V+8
v  ~StubRoutines::call_stub

---------------  P R O C E S S  ---------------

Java Threads: ( => current thread )
  0x00007f676c0d0800 JavaThread "Service Thread" daemon [_thread_blocked, id=17196, stack(0x00007f6756ef9000,0x00007f6756ffa000)]
  0x00007f676c0b3000 JavaThread "C1 CompilerThread2" daemon [_thread_blocked, id=17195, stack(0x00007f6756ffa000,0x00007f67570fb000)]
  0x00007f676c0b1800 JavaThread "C2 CompilerThread1" daemon [_thread_blocked, id=17194, stack(0x00007f67570fb000,0x00007f67571fc000)]
  0x00007f676c0ae800 JavaThread "C2 CompilerThread0" daemon [_thread_blocked, id=17193, stack(0x00007f67571fc000,0x00007f67572fd000)]
  0x00007f676c0ac800 JavaThread "Signal Dispatcher" daemon [_thread_blocked, id=17192, stack(0x00007f67572fd000,0x00007f67573fe000)]
  0x00007f676c07c000 JavaThread "Finalizer" daemon [_thread_blocked, id=17191, stack(0x00007f67577f8000,0x00007f67578f9000)]
  0x00007f676c078000 JavaThread "Reference Handler" daemon [_thread_blocked, id=17190, stack(0x00007f67578f9000,0x00007f67579fa000)]
=>0x00007f676c00a000 JavaThread "main" [_thread_in_native, id=17184, stack(0x00007f6774436000,0x00007f6774537000)]

Other Threads:
  0x00007f676c073000 VMThread [stack: 0x00007f67579fa000,0x00007f6757afb000] [id=17189]
  0x00007f676c0d3800 WatcherThread [stack: 0x00007f6756df8000,0x00007f6756ef9000] [id=17197]

VM state:not at safepoint (normal execution)

VM Mutex/Monitor currently owned by a thread: None

Heap:
 PSYoungGen      total 29696K, used 5778K [0x00000000fab00000, 0x00000000fdd00000, 0x0000000100000000)
  eden space 26624K, 10% used [0x00000000fab00000,0x00000000fadb3068,0x00000000fc500000)
  from space 3072K, 98% used [0x00000000fda00000,0x00000000fdcf18b8,0x00000000fdd00000)
  to   space 3584K, 0% used [0x00000000fd600000,0x00000000fd600000,0x00000000fd980000)
 ParOldGen       total 61952K, used 8232K [0x00000000f0000000, 0x00000000f3c80000, 0x00000000fab00000)
  object space 61952K, 13% used [0x00000000f0000000,0x00000000f080a098,0x00000000f3c80000)
 Metaspace       used 18726K, capacity 18876K, committed 19072K, reserved 1067008K
  class space    used 2074K, capacity 2126K, committed 2176K, reserved 1048576K

Card table byte_map: [0x00007f67743b5000,0x00007f6774436000] byte_map_base: 0x00007f6773c35000

Marking Bits: (ParMarkBitMap*) 0x00007f677390ccc0
 Begin Bits: [0x00007f67706af000, 0x00007f6770aaf000)
 End Bits:   [0x00007f6770aaf000, 0x00007f6770eaf000)

Polling page: 0x00007f6774555000

CodeCache: size=245760Kb used=12042Kb max_used=12057Kb free=233717Kb
 bounds [0x00007f675d000000, 0x00007f675dbe0000, 0x00007f676c000000]
 total_blobs=3775 nmethods=3265 adapters=422
 compilation: enabled

Compilation events (10 events):
Event: 88,419 Thread 0x00007f676c0b3000 3269       3       java.io.FileOutputStream::write (12 bytes)
Event: 88,419 Thread 0x00007f676c0b3000 nmethod 3269 0x00007f675dba5d10 code [0x00007f675dba5e80, 0x00007f675dba6008]
Event: 88,828 Thread 0x00007f676c0ae800 3271       4       java.io.FileInputStream::read (9 bytes)
Event: 88,830 Thread 0x00007f676c0ae800 nmethod 3271 0x00007f675db7a290 code [0x00007f675db7a3e0, 0x00007f675db7a488]
Event: 88,872 Thread 0x00007f676c0b1800 3272       4       java.io.FileOutputStream::write (12 bytes)
Event: 88,873 Thread 0x00007f676c0b1800 nmethod 3272 0x00007f675db91890 code [0x00007f675db919e0, 0x00007f675db91a68]
Event: 92,976 Thread 0x00007f676c0b3000 3273       3       java.util.regex.ASCII::toLower (16 bytes)
Event: 92,976 Thread 0x00007f676c0b3000 nmethod 3273 0x00007f675db95890 code [0x00007f675db95a00, 0x00007f675db95c30]
Event: 92,976 Thread 0x00007f676c0b3000 3274       3       java.util.regex.ASCII::isUpper (18 bytes)
Event: 92,978 Thread 0x00007f676c0b3000 nmethod 3274 0x00007f675db95550 code [0x00007f675db956a0, 0x00007f675db95830]

GC Heap History (10 events):
Event: 3,072 GC heap before
{Heap before GC invocations=12 (full 0):
 PSYoungGen      total 13312K, used 12339K [0x00000000fab00000, 0x00000000fc100000, 0x0000000100000000)
  eden space 10752K, 99% used [0x00000000fab00000,0x00000000fb57d4e0,0x00000000fb580000)
  from space 2560K, 62% used [0x00000000fb580000,0x00000000fb70f978,0x00000000fb800000)
  to   space 2560K, 0% used [0x00000000fbe80000,0x00000000fbe80000,0x00000000fc100000)
 ParOldGen       total 61952K, used 4504K [0x00000000f0000000, 0x00000000f3c80000, 0x00000000fab00000)
  object space 61952K, 7% used [0x00000000f0000000,0x00000000f04663c0,0x00000000f3c80000)
 Metaspace       used 13191K, capacity 13262K, committed 13568K, reserved 1060864K
  class space    used 1416K, capacity 1431K, committed 1536K, reserved 1048576K
Event: 3,076 GC heap after
Heap after GC invocations=12 (full 0):
 PSYoungGen      total 19968K, used 560K [0x00000000fab00000, 0x00000000fc100000, 0x0000000100000000)
  eden space 17408K, 0% used [0x00000000fab00000,0x00000000fab00000,0x00000000fbc00000)
  from space 2560K, 21% used [0x00000000fbe80000,0x00000000fbf0c040,0x00000000fc100000)
  to   space 2560K, 0% used [0x00000000fbc00000,0x00000000fbc00000,0x00000000fbe80000)
 ParOldGen       total 61952K, used 5364K [0x00000000f0000000, 0x00000000f3c80000, 0x00000000fab00000)
  object space 61952K, 8% used [0x00000000f0000000,0x00000000f053d3e8,0x00000000f3c80000)
 Metaspace       used 13191K, capacity 13262K, committed 13568K, reserved 1060864K
  class space    used 1416K, capacity 1431K, committed 1536K, reserved 1048576K
}
Event: 4,076 GC heap before
{Heap before GC invocations=13 (full 0):
 PSYoungGen      total 19968K, used 17946K [0x00000000fab00000, 0x00000000fc100000, 0x0000000100000000)
  eden space 17408K, 99% used [0x00000000fab00000,0x00000000fbbfab50,0x00000000fbc00000)
  from space 2560K, 21% used [0x00000000fbe80000,0x00000000fbf0c040,0x00000000fc100000)
  to   space 2560K, 0% used [0x00000000fbc00000,0x00000000fbc00000,0x00000000fbe80000)
 ParOldGen       total 61952K, used 5364K [0x00000000f0000000, 0x00000000f3c80000, 0x00000000fab00000)
  object space 61952K, 8% used [0x00000000f0000000,0x00000000f053d3e8,0x00000000f3c80000)
 Metaspace       used 13424K, capacity 13530K, committed 13824K, reserved 1060864K
  class space    used 1422K, capacity 1433K, committed 1536K, reserved 1048576K
Event: 4,079 GC heap after
Heap after GC invocations=13 (full 0):
 PSYoungGen      total 19968K, used 482K [0x00000000fab00000, 0x00000000fcb80000, 0x0000000100000000)
  eden space 17408K, 0% used [0x00000000fab00000,0x00000000fab00000,0x00000000fbc00000)
  from space 2560K, 18% used [0x00000000fbc00000,0x00000000fbc78918,0x00000000fbe80000)
  to   space 2560K, 0% used [0x00000000fc900000,0x00000000fc900000,0x00000000fcb80000)
 ParOldGen       total 61952K, used 5581K [0x00000000f0000000, 0x00000000f3c80000, 0x00000000fab00000)
  object space 61952K, 9% used [0x00000000f0000000,0x00000000f0573560,0x00000000f3c80000)
 Metaspace       used 13424K, capacity 13530K, committed 13824K, reserved 1060864K
  class space    used 1422K, capacity 1433K, committed 1536K, reserved 1048576K
}
Event: 4,755 GC heap before
{Heap before GC invocations=14 (full 0):
 PSYoungGen      total 19968K, used 17890K [0x00000000fab00000, 0x00000000fcb80000, 0x0000000100000000)
  eden space 17408K, 100% used [0x00000000fab00000,0x00000000fbc00000,0x00000000fbc00000)
  from space 2560K, 18% used [0x00000000fbc00000,0x00000000fbc78918,0x00000000fbe80000)
  to   space 2560K, 0% used [0x00000000fc900000,0x00000000fc900000,0x00000000fcb80000)
 ParOldGen       total 61952K, used 5581K [0x00000000f0000000, 0x00000000f3c80000, 0x00000000fab00000)
  object space 61952K, 9% used [0x00000000f0000000,0x00000000f0573560,0x00000000f3c80000)
 Metaspace       used 15448K, capacity 15562K, committed 15872K, reserved 1062912K
  class space    used 1700K, capacity 1739K, committed 1792K, reserved 1048576K
Event: 4,761 GC heap after
Heap after GC invocations=14 (full 0):
 PSYoungGen      total 30208K, used 2135K [0x00000000fab00000, 0x00000000fcc80000, 0x0000000100000000)
  eden space 27648K, 0% used [0x00000000fab00000,0x00000000fab00000,0x00000000fc600000)
  from space 2560K, 83% used [0x00000000fc900000,0x00000000fcb15df0,0x00000000fcb80000)
  to   space 3072K, 0% used [0x00000000fc600000,0x00000000fc600000,0x00000000fc900000)
 ParOldGen       total 61952K, used 5859K [0x00000000f0000000, 0x00000000f3c80000, 0x00000000fab00000)
  object space 61952K, 9% used [0x00000000f0000000,0x00000000f05b8f50,0x00000000f3c80000)
 Metaspace       used 15448K, capacity 15562K, committed 15872K, reserved 1062912K
  class space    used 1700K, capacity 1739K, committed 1792K, reserved 1048576K
}
Event: 6,847 GC heap before
{Heap before GC invocations=15 (full 0):
 PSYoungGen      total 30208K, used 29783K [0x00000000fab00000, 0x00000000fcc80000, 0x0000000100000000)
  eden space 27648K, 100% used [0x00000000fab00000,0x00000000fc600000,0x00000000fc600000)
  from space 2560K, 83% used [0x00000000fc900000,0x00000000fcb15df0,0x00000000fcb80000)
  to   space 3072K, 0% used [0x00000000fc600000,0x00000000fc600000,0x00000000fc900000)
 ParOldGen       total 61952K, used 5859K [0x00000000f0000000, 0x00000000f3c80000, 0x00000000fab00000)
  object space 61952K, 9% used [0x00000000f0000000,0x00000000f05b8f50,0x00000000f3c80000)
 Metaspace       used 17322K, capacity 17494K, committed 17920K, reserved 1064960K
  class space    used 1917K, capacity 1965K, committed 2048K, reserved 1048576K
Event: 6,856 GC heap after
Heap after GC invocations=15 (full 0):
 PSYoungGen      total 30720K, used 2809K [0x00000000fab00000, 0x00000000fdd80000, 0x0000000100000000)
  eden space 27648K, 0% used [0x00000000fab00000,0x00000000fab00000,0x00000000fc600000)
  from space 3072K, 91% used [0x00000000fc600000,0x00000000fc8be5d0,0x00000000fc900000)
  to   space 3584K, 0% used [0x00000000fda00000,0x00000000fda00000,0x00000000fdd80000)
 ParOldGen       total 61952K, used 7037K [0x00000000f0000000, 0x00000000f3c80000, 0x00000000fab00000)
  object space 61952K, 11% used [0x00000000f0000000,0x00000000f06df470,0x00000000f3c80000)
 Metaspace       used 17322K, capacity 17494K, committed 17920K, reserved 1064960K
  class space    used 1917K, capacity 1965K, committed 2048K, reserved 1048576K
}
Event: 20,610 GC heap before
{Heap before GC invocations=16 (full 0):
 PSYoungGen      total 30720K, used 30457K [0x00000000fab00000, 0x00000000fdd80000, 0x0000000100000000)
  eden space 27648K, 100% used [0x00000000fab00000,0x00000000fc600000,0x00000000fc600000)
  from space 3072K, 91% used [0x00000000fc600000,0x00000000fc8be5d0,0x00000000fc900000)
  to   space 3584K, 0% used [0x00000000fda00000,0x00000000fda00000,0x00000000fdd80000)
 ParOldGen       total 61952K, used 7037K [0x00000000f0000000, 0x00000000f3c80000, 0x00000000fab00000)
  object space 61952K, 11% used [0x00000000f0000000,0x00000000f06df470,0x00000000f3c80000)
 Metaspace       used 18517K, capacity 18716K, committed 19072K, reserved 1067008K
  class space    used 2047K, capacity 2094K, committed 2176K, reserved 1048576K
Event: 20,617 GC heap after
Heap after GC invocations=16 (full 0):
 PSYoungGen      total 29696K, used 3014K [0x00000000fab00000, 0x00000000fdd00000, 0x0000000100000000)
  eden space 26624K, 0% used [0x00000000fab00000,0x00000000fab00000,0x00000000fc500000)
  from space 3072K, 98% used [0x00000000fda00000,0x00000000fdcf18b8,0x00000000fdd00000)
  to   space 3584K, 0% used [0x00000000fd600000,0x00000000fd600000,0x00000000fd980000)
 ParOldGen       total 61952K, used 8232K [0x00000000f0000000, 0x00000000f3c80000, 0x00000000fab00000)
  object space 61952K, 13% used [0x00000000f0000000,0x00000000f080a098,0x00000000f3c80000)
 Metaspace       used 18517K, capacity 18716K, committed 19072K, reserved 1067008K
  class space    used 2047K, capacity 2094K, committed 2176K, reserved 1048576K
}

Deoptimization events (10 events):
Event: 12,803 Thread 0x00007f676c00a000 Uncommon trap: reason=class_check action=maybe_recompile pc=0x00007f675d6e6b88 method=java.util.Formatter$FormatSpecifier.printInteger(Ljava/lang/Object;Ljava/util/Locale;)V @ 58
Event: 12,804 Thread 0x00007f676c00a000 Uncommon trap: reason=class_check action=maybe_recompile pc=0x00007f675d6e6b88 method=java.util.Formatter$FormatSpecifier.printInteger(Ljava/lang/Object;Ljava/util/Locale;)V @ 58
Event: 12,805 Thread 0x00007f676c00a000 Uncommon trap: reason=class_check action=maybe_recompile pc=0x00007f675d5c8128 method=java.util.Formatter$FormatSpecifier.printInteger(Ljava/lang/Object;Ljava/util/Locale;)V @ 58
Event: 12,836 Thread 0x00007f676c00a000 Uncommon trap: reason=class_check action=maybe_recompile pc=0x00007f675d6c2c78 method=org.eclipse.swt.widgets.Display.cellDataProc(JJJJJ)J @ 25
Event: 12,836 Thread 0x00007f676c00a000 Uncommon trap: reason=class_check action=maybe_recompile pc=0x00007f675d6c2c78 method=org.eclipse.swt.widgets.Display.cellDataProc(JJJJJ)J @ 25
Event: 12,837 Thread 0x00007f676c00a000 Uncommon trap: reason=class_check action=maybe_recompile pc=0x00007f675d6c2c78 method=org.eclipse.swt.widgets.Display.cellDataProc(JJJJJ)J @ 25
Event: 12,837 Thread 0x00007f676c00a000 Uncommon trap: reason=class_check action=maybe_recompile pc=0x00007f675d6c2c78 method=org.eclipse.swt.widgets.Display.cellDataProc(JJJJJ)J @ 25
Event: 76,216 Thread 0x00007f676c00a000 Uncommon trap: reason=bimorphic action=maybe_recompile pc=0x00007f675db5bad8 method=org.eclipse.swt.widgets.Widget.windowProc(JJJ)J @ 336
Event: 76,344 Thread 0x00007f676c00a000 Uncommon trap: reason=bimorphic action=maybe_recompile pc=0x00007f675db5bb1c method=org.eclipse.swt.widgets.Widget.windowProc(JJJ)J @ 343
Event: 92,984 Thread 0x00007f676c00a000 Uncommon trap: reason=unreached action=reinterpret pc=0x00007f675d568054 method=org.eclipse.swt.widgets.Display.getWidget(J)Lorg/eclipse/swt/widgets/Widget; @ 12

Internal exceptions (10 events):
Event: 88,333 Thread 0x00007f676c00a000 Exception <a 'java/security/PrivilegedActionException'> (0x00000000fad45948) thrown at [/HUDSON/workspace/8-2-build-linux-amd64/jdk8u5/2488/hotspot/src/share/vm/prims/jvm.cpp, line 1248]
Event: 88,334 Thread 0x00007f676c00a000 Exception <a 'java/security/PrivilegedActionException'> (0x00000000fad49c60) thrown at [/HUDSON/workspace/8-2-build-linux-amd64/jdk8u5/2488/hotspot/src/share/vm/prims/jvm.cpp, line 1248]
Event: 88,335 Thread 0x00007f676c00a000 Exception <a 'java/security/PrivilegedActionException'> (0x00000000fad4de20) thrown at [/HUDSON/workspace/8-2-build-linux-amd64/jdk8u5/2488/hotspot/src/share/vm/prims/jvm.cpp, line 1248]
Event: 88,335 Thread 0x00007f676c00a000 Exception <a 'java/security/PrivilegedActionException'> (0x00000000fad52ee8) thrown at [/HUDSON/workspace/8-2-build-linux-amd64/jdk8u5/2488/hotspot/src/share/vm/prims/jvm.cpp, line 1248]
Event: 88,336 Thread 0x00007f676c00a000 Exception <a 'java/security/PrivilegedActionException'> (0x00000000fad55a80) thrown at [/HUDSON/workspace/8-2-build-linux-amd64/jdk8u5/2488/hotspot/src/share/vm/prims/jvm.cpp, line 1248]
Event: 88,336 Thread 0x00007f676c00a000 Exception <a 'java/security/PrivilegedActionException'> (0x00000000fad58fd8) thrown at [/HUDSON/workspace/8-2-build-linux-amd64/jdk8u5/2488/hotspot/src/share/vm/prims/jvm.cpp, line 1248]
Event: 92,976 Thread 0x00007f676c00a000 Exception <a 'java/security/PrivilegedActionException'> (0x00000000fad639a0) thrown at [/HUDSON/workspace/8-2-build-linux-amd64/jdk8u5/2488/hotspot/src/share/vm/prims/jvm.cpp, line 1248]
Event: 92,976 Thread 0x00007f676c00a000 Exception <a 'java/security/PrivilegedActionException'> (0x00000000fad67a50) thrown at [/HUDSON/workspace/8-2-build-linux-amd64/jdk8u5/2488/hotspot/src/share/vm/prims/jvm.cpp, line 1248]
Event: 92,979 Thread 0x00007f676c00a000 Exception <a 'java/security/PrivilegedActionException'> (0x00000000fad82938) thrown at [/HUDSON/workspace/8-2-build-linux-amd64/jdk8u5/2488/hotspot/src/share/vm/prims/jvm.cpp, line 1248]
Event: 92,979 Thread 0x00007f676c00a000 Exception <a 'java/security/PrivilegedActionException'> (0x00000000fad86c40) thrown at [/HUDSON/workspace/8-2-build-linux-amd64/jdk8u5/2488/hotspot/src/share/vm/prims/jvm.cpp, line 1248]

Events (10 events):
Event: 92,976 loading class com/android/io/FileWrapper done
Event: 92,977 Executing VM operation: Deoptimize
Event: 92,977 Executing VM operation: Deoptimize done
Event: 92,978 loading class com/android/sdklib/internal/avd/AvdInfo$AvdStatus
Event: 92,979 loading class com/android/sdklib/internal/avd/AvdInfo$AvdStatus done
Event: 92,979 loading class com/android/sdkuilib/internal/widgets/MessageBoxLog$1
Event: 92,979 loading class com/android/sdkuilib/internal/widgets/MessageBoxLog$1 done
Event: 92,984 Thread 0x00007f676c00a000 Uncommon trap: trap_request=0xffffffad fr.pc=0x00007f675d568054
Event: 92,984 Thread 0x00007f676c00a000 DEOPT PACKING pc=0x00007f675d568054 sp=0x00007f67745347a0
Event: 92,984 Thread 0x00007f676c00a000 DEOPT UNPACKING pc=0x00007f675d047650 sp=0x00007f6774534760 mode 2


Dynamic libraries:
00400000-00401000 r-xp 00000000 08:01 1329363                            /usr/lib/jvm/java-8-oracle/jre/bin/java
00600000-00601000 rw-p 00000000 08:01 1329363                            /usr/lib/jvm/java-8-oracle/jre/bin/java
01741000-01762000 rw-p 00000000 00:00 0                                  [heap]
f0000000-f3c80000 rw-p 00000000 00:00 0 
f3c80000-fab00000 ---p 00000000 00:00 0 
fab00000-fdd00000 rw-p 00000000 00:00 0 
fdd00000-100000000 ---p 00000000 00:00 0 
100000000-100220000 rw-p 00000000 00:00 0 
100220000-140000000 ---p 00000000 00:00 0 
7f670fc00000-7f6710000000 rw-s 00000000 00:04 6029331                    /SYSV00000000 (deleted)
7f6710000000-7f6710021000 rw-p 00000000 00:00 0 
7f6710021000-7f6714000000 ---p 00000000 00:00 0 
7f6714000000-7f6714251000 rw-p 00000000 00:00 0 
7f6714251000-7f6718000000 ---p 00000000 00:00 0 
7f6718000000-7f6718021000 rw-p 00000000 00:00 0 
7f6718021000-7f671c000000 ---p 00000000 00:00 0 
7f671c24f000-7f671c2cf000 rw-p 00000000 00:00 0 
7f671c2cf000-7f671c44f000 ---p 00000000 00:00 0 
7f671c44f000-7f671c64f000 rw-p 00000000 00:00 0 
7f671c64f000-7f671c654000 r-xp 00000000 08:01 135262                     /lib/x86_64-linux-gnu/libnss_dns-2.19.so
7f671c654000-7f671c853000 ---p 00005000 08:01 135262                     /lib/x86_64-linux-gnu/libnss_dns-2.19.so
7f671c853000-7f671c854000 r--p 00004000 08:01 135262                     /lib/x86_64-linux-gnu/libnss_dns-2.19.so
7f671c854000-7f671c855000 rw-p 00005000 08:01 135262                     /lib/x86_64-linux-gnu/libnss_dns-2.19.so
7f671c855000-7f671c857000 r-xp 00000000 08:01 135270                     /lib/x86_64-linux-gnu/libnss_mdns4_minimal.so.2
7f671c857000-7f671ca56000 ---p 00002000 08:01 135270                     /lib/x86_64-linux-gnu/libnss_mdns4_minimal.so.2
7f671ca56000-7f671ca57000 r--p 00001000 08:01 135270                     /lib/x86_64-linux-gnu/libnss_mdns4_minimal.so.2
7f671ca57000-7f671ca58000 rw-p 00002000 08:01 135270                     /lib/x86_64-linux-gnu/libnss_mdns4_minimal.so.2
7f671ca58000-7f671ca6e000 r-xp 00000000 08:01 1586871                    /usr/lib/jvm/java-8-oracle/jre/lib/amd64/libnet.so
7f671ca6e000-7f671cc6d000 ---p 00016000 08:01 1586871                    /usr/lib/jvm/java-8-oracle/jre/lib/amd64/libnet.so
7f671cc6d000-7f671cc6e000 rw-p 00015000 08:01 1586871                    /usr/lib/jvm/java-8-oracle/jre/lib/amd64/libnet.so
7f671cc6e000-7f671cca0000 r-xp 00000000 08:01 1586863                    /usr/lib/jvm/java-8-oracle/jre/lib/amd64/libsunec.so
7f671cca0000-7f671ce9f000 ---p 00032000 08:01 1586863                    /usr/lib/jvm/java-8-oracle/jre/lib/amd64/libsunec.so
7f671ce9f000-7f671cea5000 rw-p 00031000 08:01 1586863                    /usr/lib/jvm/java-8-oracle/jre/lib/amd64/libsunec.so
7f671cea5000-7f671d0b5000 rw-p 00000000 00:00 0 
7f671d0b5000-7f671d2b5000 rw-p 00000000 00:00 0 
7f671d2b5000-7f671d4b5000 rw-p 00000000 00:00 0 
7f671d4b5000-7f671d4b8000 ---p 00000000 00:00 0 
7f671d4b8000-7f671d5b6000 rw-p 00000000 00:00 0 
7f671d7b6000-7f671d816000 rw-s 00000000 00:04 5963809                    /SYSV00000000 (deleted)
7f671d816000-7f671d86e000 r--p 00000000 08:01 1969991                    /usr/share/fonts/truetype/ubuntu-font-family/Ubuntu-BI.ttf
7f671d86e000-7f671d8cd000 r--p 00000000 08:01 1969998                    /usr/share/fonts/truetype/ubuntu-font-family/Ubuntu-RI.ttf
7f671d8cd000-7f671d91f000 r--p 00000000 08:01 1969990                    /usr/share/fonts/truetype/ubuntu-font-family/Ubuntu-B.ttf
7f671d91f000-7f671d97f000 rw-s 00000000 00:04 5931040                    /SYSV00000000 (deleted)
7f671d97f000-7f671d9d1000 r--p 00000000 08:01 1838003                    /usr/share/fonts/truetype/dejavu/DejaVuSansMono.ttf
7f671d9d1000-7f671d9d2000 ---p 00000000 00:00 0 
7f671d9d2000-7f671e1d2000 rw-p 00000000 00:00 0                          [stack:17202]
7f671e1d2000-7f671e1d3000 ---p 00000000 00:00 0 
7f671e1d3000-7f671e9d3000 rw-p 00000000 00:00 0                          [stack:17201]
7f671e9d3000-7f671ea17000 r-xp 00000000 08:01 135203                     /lib/x86_64-linux-gnu/libdbus-1.so.3.7.6
7f671ea17000-7f671ec16000 ---p 00044000 08:01 135203                     /lib/x86_64-linux-gnu/libdbus-1.so.3.7.6
7f671ec16000-7f671ec17000 r--p 00043000 08:01 135203                     /lib/x86_64-linux-gnu/libdbus-1.so.3.7.6
7f671ec17000-7f671ec18000 rw-p 00044000 08:01 135203                     /lib/x86_64-linux-gnu/libdbus-1.so.3.7.6
7f671ec18000-7f671ec20000 r-xp 00000000 08:01 135251                     /lib/x86_64-linux-gnu/libnih-dbus.so.1.0.0
7f671ec20000-7f671ee20000 ---p 00008000 08:01 135251                     /lib/x86_64-linux-gnu/libnih-dbus.so.1.0.0
7f671ee20000-7f671ee21000 r--p 00008000 08:01 135251                     /lib/x86_64-linux-gnu/libnih-dbus.so.1.0.0
7f671ee21000-7f671ee22000 rw-p 00009000 08:01 135251                     /lib/x86_64-linux-gnu/libnih-dbus.so.1.0.0
7f671ee22000-7f671ee39000 r-xp 00000000 08:01 135253                     /lib/x86_64-linux-gnu/libnih.so.1.0.0
7f671ee39000-7f671f038000 ---p 00017000 08:01 135253                     /lib/x86_64-linux-gnu/libnih.so.1.0.0
7f671f038000-7f671f039000 r--p 00016000 08:01 135253                     /lib/x86_64-linux-gnu/libnih.so.1.0.0
7f671f039000-7f671f03a000 rw-p 00017000 08:01 135253                     /lib/x86_64-linux-gnu/libnih.so.1.0.0
7f671f03a000-7f671f053000 r-xp 00000000 08:01 135228                     /lib/x86_64-linux-gnu/libcgmanager.so.0.0.0
7f671f053000-7f671f252000 ---p 00019000 08:01 135228                     /lib/x86_64-linux-gnu/libcgmanager.so.0.0.0
7f671f252000-7f671f254000 r--p 00018000 08:01 135228                     /lib/x86_64-linux-gnu/libcgmanager.so.0.0.0
7f671f254000-7f671f255000 rw-p 0001a000 08:01 135228                     /lib/x86_64-linux-gnu/libcgmanager.so.0.0.0
7f671f255000-7f671f265000 r-xp 00000000 08:01 132277                     /lib/x86_64-linux-gnu/libudev.so.1.3.5
7f671f265000-7f671f464000 ---p 00010000 08:01 132277                     /lib/x86_64-linux-gnu/libudev.so.1.3.5
7f671f464000-7f671f465000 r--p 0000f000 08:01 132277                     /lib/x86_64-linux-gnu/libudev.so.1.3.5
7f671f465000-7f671f466000 rw-p 00010000 08:01 132277                     /lib/x86_64-linux-gnu/libudev.so.1.3.5
7f671f466000-7f671f49a000 r-xp 00000000 08:01 1576050                    /usr/lib/x86_64-linux-gnu/gvfs/libgvfscommon.so
7f671f49a000-7f671f69a000 ---p 00034000 08:01 1576050                    /usr/lib/x86_64-linux-gnu/gvfs/libgvfscommon.so
7f671f69a000-7f671f69f000 r--p 00034000 08:01 1576050                    /usr/lib/x86_64-linux-gnu/gvfs/libgvfscommon.so
7f671f69f000-7f671f6a0000 rw-p 00039000 08:01 1576050                    /usr/lib/x86_64-linux-gnu/gvfs/libgvfscommon.so
7f671f6a0000-7f671f6cf000 r-xp 00000000 08:01 1575765                    /usr/lib/x86_64-linux-gnu/gio/modules/libgvfsdbus.so
7f671f6cf000-7f671f8cf000 ---p 0002f000 08:01 1575765                    /usr/lib/x86_64-linux-gnu/gio/modules/libgvfsdbus.so
7f671f8cf000-7f671f8d0000 r--p 0002f000 08:01 1575765                    /usr/lib/x86_64-linux-gnu/gio/modules/libgvfsdbus.so
7f671f8d0000-7f671f8d1000 rw-p 00030000 08:01 1575765                    /usr/lib/x86_64-linux-gnu/gio/modules/libgvfsdbus.so
7f671f8d1000-7f671f8d2000 rw-p 00000000 00:00 0 
7f671f8d2000-7f671f8eb000 r-xp 00000000 08:01 1575764                    /usr/lib/x86_64-linux-gnu/gio/modules/libgioremote-volume-monitor.so
7f671f8eb000-7f671faeb000 ---p 00019000 08:01 1575764                    /usr/lib/x86_64-linux-gnu/gio/modules/libgioremote-volume-monitor.so
7f671faeb000-7f671faee000 r--p 00019000 08:01 1575764                    /usr/lib/x86_64-linux-gnu/gio/modules/libgioremote-volume-monitor.so
7f671faee000-7f671faef000 rw-p 0001c000 08:01 1575764                    /usr/lib/x86_64-linux-gnu/gio/modules/libgioremote-volume-monitor.so
7f671faef000-7f671fafa000 r-xp 00000000 08:01 1575760                    /usr/lib/x86_64-linux-gnu/gio/modules/libdconfsettings.so
7f671fafa000-7f671fcfa000 ---p 0000b000 08:01 1575760                    /usr/lib/x86_64-linux-gnu/gio/modules/libdconfsettings.so
7f671fcfa000-7f671fcfb000 r--p 0000b000 08:01 1575760                    /usr/lib/x86_64-linux-gnu/gio/modules/libdconfsettings.so
7f671fcfb000-7f671fcfc000 rw-p 0000c000 08:01 1575760                    /usr/lib/x86_64-linux-gnu/gio/modules/libdconfsettings.so
7f671fcfc000-7f671fde2000 r-xp 00000000 08:01 1320811                    /usr/lib/x86_64-linux-gnu/libstdc++.so.6.0.19
7f671fde2000-7f671ffe1000 ---p 000e6000 08:01 1320811                    /usr/lib/x86_64-linux-gnu/libstdc++.so.6.0.19
7f671ffe1000-7f671ffe9000 r--p 000e5000 08:01 1320811                    /usr/lib/x86_64-linux-gnu/libstdc++.so.6.0.19
7f671ffe9000-7f671ffeb000 rw-p 000ed000 08:01 1320811                    /usr/lib/x86_64-linux-gnu/libstdc++.so.6.0.19
7f671ffeb000-7f6720000000 rw-p 00000000 00:00 0 
7f6720000000-7f6720021000 rw-p 00000000 00:00 0 
7f6720021000-7f6724000000 ---p 00000000 00:00 0 
7f6724000000-7f6724021000 rw-p 00000000 00:00 0 
7f6724021000-7f6728000000 ---p 00000000 00:00 0 
7f6728000000-7f67290b8000 rw-p 00000000 00:00 0 
7f67290b8000-7f672c000000 ---p 00000000 00:00 0 
7f672c000000-7f672c9b2000 rw-p 00000000 00:00 0 
7f672c9b2000-7f6730000000 ---p 00000000 00:00 0 
7f6730000000-7f6730021000 rw-p 00000000 00:00 0 
7f6730021000-7f6734000000 ---p 00000000 00:00 0 
7f6734000000-7f6734edb000 rw-p 00000000 00:00 0 
7f6734edb000-7f6738000000 ---p 00000000 00:00 0 
7f6738000000-7f6738021000 rw-p 00000000 00:00 0 
7f6738021000-7f673c000000 ---p 00000000 00:00 0 
7f673c000000-7f673c021000 rw-p 00000000 00:00 0 
7f673c021000-7f6740000000 ---p 00000000 00:00 0 
7f6740000000-7f6740021000 rw-p 00000000 00:00 0 
7f6740021000-7f6744000000 ---p 00000000 00:00 0 
7f6744000000-7f6744021000 rw-p 00000000 00:00 0 
7f6744021000-7f6748000000 ---p 00000000 00:00 0 
7f6748000000-7f6748021000 rw-p 00000000 00:00 0 
7f6748021000-7f674c000000 ---p 00000000 00:00 0 
7f674c009000-7f674c060000 r--p 00000000 08:01 1969997                    /usr/share/fonts/truetype/ubuntu-font-family/Ubuntu-R.ttf
7f674c060000-7f674c076000 r-xp 00000000 08:01 135216                     /lib/x86_64-linux-gnu/libgcc_s.so.1
7f674c076000-7f674c275000 ---p 00016000 08:01 135216                     /lib/x86_64-linux-gnu/libgcc_s.so.1
7f674c275000-7f674c276000 rw-p 00015000 08:01 135216                     /lib/x86_64-linux-gnu/libgcc_s.so.1
7f674c276000-7f674c3b9000 r-xp 00000000 08:01 1575995                    /usr/lib/x86_64-linux-gnu/gtk-2.0/2.10.0/engines/liboxygen-gtk.so
7f674c3b9000-7f674c5b8000 ---p 00143000 08:01 1575995                    /usr/lib/x86_64-linux-gnu/gtk-2.0/2.10.0/engines/liboxygen-gtk.so
7f674c5b8000-7f674c5be000 r--p 00142000 08:01 1575995                    /usr/lib/x86_64-linux-gnu/gtk-2.0/2.10.0/engines/liboxygen-gtk.so
7f674c5be000-7f674c5bf000 rw-p 00148000 08:01 1575995                    /usr/lib/x86_64-linux-gnu/gtk-2.0/2.10.0/engines/liboxygen-gtk.so
7f674c5bf000-7f674c5c0000 rw-p 00000000 00:00 0 
7f674c5c0000-7f674c5c6000 r-xp 00000000 08:01 1320203                    /usr/lib/x86_64-linux-gnu/libdatrie.so.1.3.1
7f674c5c6000-7f674c7c5000 ---p 00006000 08:01 1320203                    /usr/lib/x86_64-linux-gnu/libdatrie.so.1.3.1
7f674c7c5000-7f674c7c6000 r--p 00005000 08:01 1320203                    /usr/lib/x86_64-linux-gnu/libdatrie.so.1.3.1
7f674c7c6000-7f674c7c7000 rw-p 00006000 08:01 1320203                    /usr/lib/x86_64-linux-gnu/libdatrie.so.1.3.1
7f674c7c7000-7f674c7e1000 r-xp 00000000 08:01 1320382                    /usr/lib/x86_64-linux-gnu/libgraphite2.so.3.0.1
7f674c7e1000-7f674c9e0000 ---p 0001a000 08:01 1320382                    /usr/lib/x86_64-linux-gnu/libgraphite2.so.3.0.1
7f674c9e0000-7f674c9e2000 r--p 00019000 08:01 1320382                    /usr/lib/x86_64-linux-gnu/libgraphite2.so.3.0.1
7f674c9e2000-7f674c9e3000 rw-p 0001b000 08:01 1320382                    /usr/lib/x86_64-linux-gnu/libgraphite2.so.3.0.1
7f674c9e3000-7f674c9e8000 r-xp 00000000 08:01 1320032                    /usr/lib/x86_64-linux-gnu/libXdmcp.so.6.0.0
7f674c9e8000-7f674cbe7000 ---p 00005000 08:01 1320032                    /usr/lib/x86_64-linux-gnu/libXdmcp.so.6.0.0
7f674cbe7000-7f674cbe8000 r--p 00004000 08:01 1320032                    /usr/lib/x86_64-linux-gnu/libXdmcp.so.6.0.0
7f674cbe8000-7f674cbe9000 rw-p 00005000 08:01 1320032                    /usr/lib/x86_64-linux-gnu/libXdmcp.so.6.0.0
7f674cbe9000-7f674cbeb000 r-xp 00000000 08:01 1320021                    /usr/lib/x86_64-linux-gnu/libXau.so.6.0.0
7f674cbeb000-7f674cdeb000 ---p 00002000 08:01 1320021                    /usr/lib/x86_64-linux-gnu/libXau.so.6.0.0
7f674cdeb000-7f674cdec000 r--p 00002000 08:01 1320021                    /usr/lib/x86_64-linux-gnu/libXau.so.6.0.0
7f674cdec000-7f674cded000 rw-p 00003000 08:01 1320021                    /usr/lib/x86_64-linux-gnu/libXau.so.6.0.0
7f674cded000-7f674ce2a000 r-xp 00000000 08:01 135292                     /lib/x86_64-linux-gnu/libpcre.so.3.13.1
7f674ce2a000-7f674d029000 ---p 0003d000 08:01 135292                     /lib/x86_64-linux-gnu/libpcre.so.3.13.1
7f674d029000-7f674d02a000 r--p 0003c000 08:01 135292                     /lib/x86_64-linux-gnu/libpcre.so.3.13.1
7f674d02a000-7f674d02b000 rw-p 0003d000 08:01 135292                     /lib/x86_64-linux-gnu/libpcre.so.3.13.1
7f674d02b000-7f674d032000 r-xp 00000000 08:01 1320268                    /usr/lib/x86_64-linux-gnu/libffi.so.6.0.1
7f674d032000-7f674d231000 ---p 00007000 08:01 1320268                    /usr/lib/x86_64-linux-gnu/libffi.so.6.0.1
7f674d231000-7f674d232000 r--p 00006000 08:01 1320268                    /usr/lib/x86_64-linux-gnu/libffi.so.6.0.1
7f674d232000-7f674d233000 rw-p 00007000 08:01 1320268                    /usr/lib/x86_64-linux-gnu/libffi.so.6.0.1
7f674d233000-7f674d25a000 r-xp 00000000 08:01 135211                     /lib/x86_64-linux-gnu/libexpat.so.1.6.0
7f674d25a000-7f674d45a000 ---p 00027000 08:01 135211                     /lib/x86_64-linux-gnu/libexpat.so.1.6.0
7f674d45a000-7f674d45c000 r--p 00027000 08:01 135211                     /lib/x86_64-linux-gnu/libexpat.so.1.6.0
7f674d45c000-7f674d45d000 rw-p 00029000 08:01 135211                     /lib/x86_64-linux-gnu/libexpat.so.1.6.0
7f674d45d000-7f674d465000 r-xp 00000000 08:01 1320835                    /usr/lib/x86_64-linux-gnu/libthai.so.0.2.0
7f674d465000-7f674d664000 ---p 00008000 08:01 1320835                    /usr/lib/x86_64-linux-gnu/libthai.so.0.2.0
7f674d664000-7f674d665000 r--p 00007000 08:01 1320835                    /usr/lib/x86_64-linux-gnu/libthai.so.0.2.0
7f674d665000-7f674d666000 rw-p 00008000 08:01 1320835                    /usr/lib/x86_64-linux-gnu/libthai.so.0.2.0
7f674d666000-7f674d6b9000 r-xp 00000000 08:01 1320484                    /usr/lib/x86_64-linux-gnu/libharfbuzz.so.0.927.0
7f674d6b9000-7f674d8b9000 ---p 00053000 08:01 1320484                    /usr/lib/x86_64-linux-gnu/libharfbuzz.so.0.927.0
7f674d8b9000-7f674d8ba000 r--p 00053000 08:01 1320484                    /usr/lib/x86_64-linux-gnu/libharfbuzz.so.0.927.0
7f674d8ba000-7f674d8bb000 rw-p 00054000 08:01 1320484                    /usr/lib/x86_64-linux-gnu/libharfbuzz.so.0.927.0
7f674d8bb000-7f674d8d2000 r-xp 00000000 08:01 135315                     /lib/x86_64-linux-gnu/libresolv-2.19.so
7f674d8d2000-7f674dad2000 ---p 00017000 08:01 135315                     /lib/x86_64-linux-gnu/libresolv-2.19.so
7f674dad2000-7f674dad3000 r--p 00017000 08:01 135315                     /lib/x86_64-linux-gnu/libresolv-2.19.so
7f674dad3000-7f674dad4000 rw-p 00018000 08:01 135315                     /lib/x86_64-linux-gnu/libresolv-2.19.so
7f674dad4000-7f674dad6000 rw-p 00000000 00:00 0 
7f674dad6000-7f674daf6000 r-xp 00000000 08:01 135147                     /lib/x86_64-linux-gnu/libselinux.so.1
7f674daf6000-7f674dcf5000 ---p 00020000 08:01 135147                     /lib/x86_64-linux-gnu/libselinux.so.1
7f674dcf5000-7f674dcf6000 r--p 0001f000 08:01 135147                     /lib/x86_64-linux-gnu/libselinux.so.1
7f674dcf6000-7f674dcf7000 rw-p 00020000 08:01 135147                     /lib/x86_64-linux-gnu/libselinux.so.1
7f674dcf7000-7f674dcf9000 rw-p 00000000 00:00 0 
7f674dcf9000-7f674dd11000 r-xp 00000000 08:01 135350                     /lib/x86_64-linux-gnu/libz.so.1.2.8
7f674dd11000-7f674df10000 ---p 00018000 08:01 135350                     /lib/x86_64-linux-gnu/libz.so.1.2.8
7f674df10000-7f674df11000 r--p 00017000 08:01 135350                     /lib/x86_64-linux-gnu/libz.so.1.2.8
7f674df11000-7f674df12000 rw-p 00018000 08:01 135350                     /lib/x86_64-linux-gnu/libz.so.1.2.8
7f674df12000-7f674df1a000 r-xp 00000000 08:01 1320926                    /usr/lib/x86_64-linux-gnu/libxcb-render.so.0.0.0
7f674df1a000-7f674e119000 ---p 00008000 08:01 1320926                    /usr/lib/x86_64-linux-gnu/libxcb-render.so.0.0.0
7f674e119000-7f674e11a000 r--p 00007000 08:01 1320926                    /usr/lib/x86_64-linux-gnu/libxcb-render.so.0.0.0
7f674e11a000-7f674e11b000 rw-p 00008000 08:01 1320926                    /usr/lib/x86_64-linux-gnu/libxcb-render.so.0.0.0
7f674e11b000-7f674e11d000 r-xp 00000000 08:01 1320930                    /usr/lib/x86_64-linux-gnu/libxcb-shm.so.0.0.0
7f674e11d000-7f674e31c000 ---p 00002000 08:01 1320930                    /usr/lib/x86_64-linux-gnu/libxcb-shm.so.0.0.0
7f674e31c000-7f674e31d000 r--p 00001000 08:01 1320930                    /usr/lib/x86_64-linux-gnu/libxcb-shm.so.0.0.0
7f674e31d000-7f674e31e000 rw-p 00002000 08:01 1320930                    /usr/lib/x86_64-linux-gnu/libxcb-shm.so.0.0.0
7f674e31e000-7f674e343000 r-xp 00000000 08:01 135304                     /lib/x86_64-linux-gnu/libpng12.so.0.50.0
7f674e343000-7f674e542000 ---p 00025000 08:01 135304                     /lib/x86_64-linux-gnu/libpng12.so.0.50.0
7f674e542000-7f674e543000 r--p 00024000 08:01 135304                     /lib/x86_64-linux-gnu/libpng12.so.0.50.0
7f674e543000-7f674e544000 rw-p 00025000 08:01 135304                     /lib/x86_64-linux-gnu/libpng12.so.0.50.0
7f674e544000-7f674e5e5000 r-xp 00000000 08:01 1320676                    /usr/lib/x86_64-linux-gnu/libpixman-1.so.0.30.2
7f674e5e5000-7f674e7e5000 ---p 000a1000 08:01 1320676                    /usr/lib/x86_64-linux-gnu/libpixman-1.so.0.30.2
7f674e7e5000-7f674e7ec000 r--p 000a1000 08:01 1320676                    /usr/lib/x86_64-linux-gnu/libpixman-1.so.0.30.2
7f674e7ec000-7f674e7ed000 rw-p 000a8000 08:01 1320676                    /usr/lib/x86_64-linux-gnu/libpixman-1.so.0.30.2
7f674e7ed000-7f674e80a000 r-xp 00000000 08:01 1320940                    /usr/lib/x86_64-linux-gnu/libxcb.so.1.1.0
7f674e80a000-7f674ea0a000 ---p 0001d000 08:01 1320940                    /usr/lib/x86_64-linux-gnu/libxcb.so.1.1.0
7f674ea0a000-7f674ea0b000 r--p 0001d000 08:01 1320940                    /usr/lib/x86_64-linux-gnu/libxcb.so.1.1.0
7f674ea0b000-7f674ea0c000 rw-p 0001e000 08:01 1320940                    /usr/lib/x86_64-linux-gnu/libxcb.so.1.1.0
7f674ea0c000-7f674eaa9000 r-xp 00000000 08:01 1316101                    /usr/lib/x86_64-linux-gnu/libfreetype.so.6.11.1
7f674eaa9000-7f674eca8000 ---p 0009d000 08:01 1316101                    /usr/lib/x86_64-linux-gnu/libfreetype.so.6.11.1
7f674eca8000-7f674ecae000 r--p 0009c000 08:01 1316101                    /usr/lib/x86_64-linux-gnu/libfreetype.so.6.11.1
7f674ecae000-7f674ecaf000 rw-p 000a2000 08:01 1316101                    /usr/lib/x86_64-linux-gnu/libfreetype.so.6.11.1
7f674ecaf000-7f674ecb1000 r-xp 00000000 08:01 1320030                    /usr/lib/x86_64-linux-gnu/libXdamage.so.1.1.0
7f674ecb1000-7f674eeb0000 ---p 00002000 08:01 1320030                    /usr/lib/x86_64-linux-gnu/libXdamage.so.1.1.0
7f674eeb0000-7f674eeb1000 r--p 00001000 08:01 1320030                    /usr/lib/x86_64-linux-gnu/libXdamage.so.1.1.0
7f674eeb1000-7f674eeb2000 rw-p 00002000 08:01 1320030                    /usr/lib/x86_64-linux-gnu/libXdamage.so.1.1.0
7f674eeb2000-7f674eeb4000 r-xp 00000000 08:01 1320026                    /usr/lib/x86_64-linux-gnu/libXcomposite.so.1.0.0
7f674eeb4000-7f674f0b3000 ---p 00002000 08:01 1320026                    /usr/lib/x86_64-linux-gnu/libXcomposite.so.1.0.0
7f674f0b3000-7f674f0b4000 r--p 00001000 08:01 1320026                    /usr/lib/x86_64-linux-gnu/libXcomposite.so.1.0.0
7f674f0b4000-7f674f0b5000 rw-p 00002000 08:01 1320026                    /usr/lib/x86_64-linux-gnu/libXcomposite.so.1.0.0
7f674f0b5000-7f674f0be000 r-xp 00000000 08:01 1320028                    /usr/lib/x86_64-linux-gnu/libXcursor.so.1.0.2
7f674f0be000-7f674f2bd000 ---p 00009000 08:01 1320028                    /usr/lib/x86_64-linux-gnu/libXcursor.so.1.0.2
7f674f2bd000-7f674f2be000 r--p 00008000 08:01 1320028                    /usr/lib/x86_64-linux-gnu/libXcursor.so.1.0.2
7f674f2be000-7f674f2bf000 rw-p 00009000 08:01 1320028                    /usr/lib/x86_64-linux-gnu/libXcursor.so.1.0.2
7f674f2bf000-7f674f2c8000 r-xp 00000000 08:01 1320054                    /usr/lib/x86_64-linux-gnu/libXrandr.so.2.2.0
7f674f2c8000-7f674f4c7000 ---p 00009000 08:01 1320054                    /usr/lib/x86_64-linux-gnu/libXrandr.so.2.2.0
7f674f4c7000-7f674f4c8000 r--p 00008000 08:01 1320054                    /usr/lib/x86_64-linux-gnu/libXrandr.so.2.2.0
7f674f4c8000-7f674f4c9000 rw-p 00009000 08:01 1320054                    /usr/lib/x86_64-linux-gnu/libXrandr.so.2.2.0
7f674f4c9000-7f674f4d8000 r-xp 00000000 08:01 1320042                    /usr/lib/x86_64-linux-gnu/libXi.so.6.1.0
7f674f4d8000-7f674f6d7000 ---p 0000f000 08:01 1320042                    /usr/lib/x86_64-linux-gnu/libXi.so.6.1.0
7f674f6d7000-7f674f6d8000 r--p 0000e000 08:01 1320042                    /usr/lib/x86_64-linux-gnu/libXi.so.6.1.0
7f674f6d8000-7f674f6d9000 rw-p 0000f000 08:01 1320042                    /usr/lib/x86_64-linux-gnu/libXi.so.6.1.0
7f674f6d9000-7f674f6db000 r-xp 00000000 08:01 1320044                    /usr/lib/x86_64-linux-gnu/libXinerama.so.1.0.0
7f674f6db000-7f674f8da000 ---p 00002000 08:01 1320044                    /usr/lib/x86_64-linux-gnu/libXinerama.so.1.0.0
7f674f8da000-7f674f8db000 r--p 00001000 08:01 1320044                    /usr/lib/x86_64-linux-gnu/libXinerama.so.1.0.0
7f674f8db000-7f674f8dc000 rw-p 00002000 08:01 1320044                    /usr/lib/x86_64-linux-gnu/libXinerama.so.1.0.0
7f674f8dc000-7f674f8e5000 r-xp 00000000 08:01 1320056                    /usr/lib/x86_64-linux-gnu/libXrender.so.1.3.0
7f674f8e5000-7f674fae4000 ---p 00009000 08:01 1320056                    /usr/lib/x86_64-linux-gnu/libXrender.so.1.3.0
7f674fae4000-7f674fae5000 r--p 00008000 08:01 1320056                    /usr/lib/x86_64-linux-gnu/libXrender.so.1.3.0
7f674fae5000-7f674fae6000 rw-p 00009000 08:01 1320056                    /usr/lib/x86_64-linux-gnu/libXrender.so.1.3.0
7f674fae6000-7f674faf7000 r-xp 00000000 08:01 1320034                    /usr/lib/x86_64-linux-gnu/libXext.so.6.4.0
7f674faf7000-7f674fcf6000 ---p 00011000 08:01 1320034                    /usr/lib/x86_64-linux-gnu/libXext.so.6.4.0
7f674fcf6000-7f674fcf7000 r--p 00010000 08:01 1320034                    /usr/lib/x86_64-linux-gnu/libXext.so.6.4.0
7f674fcf7000-7f674fcf8000 rw-p 00011000 08:01 1320034                    /usr/lib/x86_64-linux-gnu/libXext.so.6.4.0
7f674fcf8000-7f674fdfe000 r-xp 00000000 08:01 135220                     /lib/x86_64-linux-gnu/libglib-2.0.so.0.4000.0
7f674fdfe000-7f674fffd000 ---p 00106000 08:01 135220                     /lib/x86_64-linux-gnu/libglib-2.0.so.0.4000.0
7f674fffd000-7f674fffe000 r--p 00105000 08:01 135220                     /lib/x86_64-linux-gnu/libglib-2.0.so.0.4000.0
7f674fffe000-7f674ffff000 rw-p 00106000 08:01 135220                     /lib/x86_64-linux-gnu/libglib-2.0.so.0.4000.0
7f674ffff000-7f6750000000 rw-p 00000000 00:00 0 
7f6750000000-7f6750021000 rw-p 00000000 00:00 0 
7f6750021000-7f6754000000 ---p 00000000 00:00 0 
7f675401b000-7f675401e000 r--s 00019000 08:01 1448348                    /usr/lib/jvm/java-8-oracle/jre/lib/jce.jar
7f675401e000-7f6754023000 r--s 00092000 08:01 1448315                    /usr/lib/jvm/java-8-oracle/jre/lib/jsse.jar
7f6754023000-7f6754024000 r--s 00000000 08:01 1051044                    /var/cache/fontconfig/c05880de57d1f5e948fdfacc138775d9-le64.cache-4
7f6754024000-7f675402f000 r--s 00000000 08:01 1048710                    /var/cache/fontconfig/945677eb7aeaf62f1d50efc3fb3ec7d8-le64.cache-4
7f675402f000-7f6754035000 r--s 00000000 08:01 1050290                    /var/cache/fontconfig/2cd17615ca594fa2959ae173292e504c-le64.cache-4
7f6754035000-7f6754036000 r--s 00000000 08:01 1050286                    /var/cache/fontconfig/e7071f4a29fa870f4323321c154eba04-le64.cache-4
7f6754036000-7f6754037000 r--s 00000000 08:01 1050235                    /var/cache/fontconfig/0d8c3b2ac0904cb8a57a757ad11a4a08-le64.cache-4
7f6754037000-7f675403e000 r--s 00000000 08:01 1050220                    /var/cache/fontconfig/a755afe4a08bf5b97852ceb7400b47bc-le64.cache-4
7f675403e000-7f6754042000 r--s 00000000 08:01 1050218                    /var/cache/fontconfig/6d41288fd70b0be22e8c3a91e032eec0-le64.cache-4
7f6754042000-7f6754056000 r--s 00000000 08:01 1050211                    /var/cache/fontconfig/04aabc0a78ac019cf9454389977116d2-le64.cache-4
7f6754056000-7f6754057000 r--s 00000000 08:01 1050210                    /var/cache/fontconfig/1ac9eb803944fde146138c791f5cc56a-le64.cache-4
7f6754057000-7f675405b000 r--s 00000000 08:01 1050192                    /var/cache/fontconfig/385c0604a188198f04d133e54aba7fe7-le64.cache-4
7f675405b000-7f675405d000 r--s 00000000 08:01 1050160                    /var/cache/fontconfig/767a8244fc0220cfb567a839d0392e0b-le64.cache-4
7f675405d000-7f675405f000 r--s 00000000 08:01 1048712                    /var/cache/fontconfig/2fe16cf53f8bd2da9ea33d9eb6e69eee-le64.cache-4
7f675405f000-7f6754066000 r--s 00000000 08:01 1050133                    /var/cache/fontconfig/3047814df9a2f067bd2d96a2b9c36e5a-le64.cache-4
7f6754066000-7f675406c000 r--s 00000000 08:01 1050118                    /var/cache/fontconfig/b47c4e1ecd0709278f4910c18777a504-le64.cache-4
7f675406c000-7f675407f000 r--s 00000000 08:01 1050114                    /var/cache/fontconfig/d52a8644073d54c13679302ca1180695-le64.cache-4
7f675407f000-7f675408a000 r--s 00000000 08:01 1050091                    /var/cache/fontconfig/d589a48862398ed80a3d6066f4f56f4c-le64.cache-4
7f67540ca000-7f67540d5000 r--s 0021a000 08:01 1727421                    /usr/lib/jvm/java-8-oracle/jre/lib/ext/localedata.jar
7f67540d5000-7f67540f1000 r--s 00393000 08:01 1727418                    /usr/lib/jvm/java-8-oracle/jre/lib/ext/cldrdata.jar
7f67540f1000-7f67540f6000 r--s 0003f000 08:01 1727417                    /usr/lib/jvm/java-8-oracle/jre/lib/ext/sunjce_provider.jar
7f67540f6000-7f67540f7000 r--s 00009000 08:01 1727425                    /usr/lib/jvm/java-8-oracle/jre/lib/ext/sunec.jar
7f67540f7000-7f675410a000 r--s 00345000 08:01 1448313                    /usr/lib/jvm/java-8-oracle/jre/lib/resources.jar
7f675410a000-7f6754159000 r-xp 00000000 08:01 1320360                    /usr/lib/x86_64-linux-gnu/libgobject-2.0.so.0.4000.0
7f6754159000-7f6754359000 ---p 0004f000 08:01 1320360                    /usr/lib/x86_64-linux-gnu/libgobject-2.0.so.0.4000.0
7f6754359000-7f675435a000 r--p 0004f000 08:01 1320360                    /usr/lib/x86_64-linux-gnu/libgobject-2.0.so.0.4000.0
7f675435a000-7f675435b000 rw-p 00050000 08:01 1320360                    /usr/lib/x86_64-linux-gnu/libgobject-2.0.so.0.4000.0
7f675435b000-7f6754395000 r-xp 00000000 08:01 1316099                    /usr/lib/x86_64-linux-gnu/libfontconfig.so.1.8.0
7f6754395000-7f6754594000 ---p 0003a000 08:01 1316099                    /usr/lib/x86_64-linux-gnu/libfontconfig.so.1.8.0
7f6754594000-7f6754596000 r--p 00039000 08:01 1316099                    /usr/lib/x86_64-linux-gnu/libfontconfig.so.1.8.0
7f6754596000-7f6754597000 rw-p 0003b000 08:01 1316099                    /usr/lib/x86_64-linux-gnu/libfontconfig.so.1.8.0
7f6754597000-7f67545e1000 r-xp 00000000 08:01 1320657                    /usr/lib/x86_64-linux-gnu/libpango-1.0.so.0.3600.3
7f67545e1000-7f67547e1000 ---p 0004a000 08:01 1320657                    /usr/lib/x86_64-linux-gnu/libpango-1.0.so.0.3600.3
7f67547e1000-7f67547e3000 r--p 0004a000 08:01 1320657                    /usr/lib/x86_64-linux-gnu/libpango-1.0.so.0.3600.3
7f67547e3000-7f67547e4000 rw-p 0004c000 08:01 1320657                    /usr/lib/x86_64-linux-gnu/libpango-1.0.so.0.3600.3
7f67547e4000-7f67547f8000 r-xp 00000000 08:01 1320661                    /usr/lib/x86_64-linux-gnu/libpangoft2-1.0.so.0.3600.3
7f67547f8000-7f67549f7000 ---p 00014000 08:01 1320661                    /usr/lib/x86_64-linux-gnu/libpangoft2-1.0.so.0.3600.3
7f67549f7000-7f67549f8000 r--p 00013000 08:01 1320661                    /usr/lib/x86_64-linux-gnu/libpangoft2-1.0.so.0.3600.3
7f67549f8000-7f67549f9000 rw-p 00014000 08:01 1320661                    /usr/lib/x86_64-linux-gnu/libpangoft2-1.0.so.0.3600.3
7f67549f9000-7f6754b64000 r-xp 00000000 08:01 1320340                    /usr/lib/x86_64-linux-gnu/libgio-2.0.so.0.4000.0
7f6754b64000-7f6754d64000 ---p 0016b000 08:01 1320340                    /usr/lib/x86_64-linux-gnu/libgio-2.0.so.0.4000.0
7f6754d64000-7f6754d68000 r--p 0016b000 08:01 1320340                    /usr/lib/x86_64-linux-gnu/libgio-2.0.so.0.4000.0
7f6754d68000-7f6754d6a000 rw-p 0016f000 08:01 1320340                    /usr/lib/x86_64-linux-gnu/libgio-2.0.so.0.4000.0
7f6754d6a000-7f6754d6c000 rw-p 00000000 00:00 0 
7f6754d6c000-7f6754d8b000 r-xp 00000000 08:01 1320328                    /usr/lib/x86_64-linux-gnu/libgdk_pixbuf-2.0.so.0.3000.7
7f6754d8b000-7f6754f8b000 ---p 0001f000 08:01 1320328                    /usr/lib/x86_64-linux-gnu/libgdk_pixbuf-2.0.so.0.3000.7
7f6754f8b000-7f6754f8c000 r--p 0001f000 08:01 1320328                    /usr/lib/x86_64-linux-gnu/libgdk_pixbuf-2.0.so.0.3000.7
7f6754f8c000-7f6754f8d000 rw-p 00020000 08:01 1320328                    /usr/lib/x86_64-linux-gnu/libgdk_pixbuf-2.0.so.0.3000.7
7f6754f8d000-7f6755093000 r-xp 00000000 08:01 1320155                    /usr/lib/x86_64-linux-gnu/libcairo.so.2.11301.0
7f6755093000-7f6755292000 ---p 00106000 08:01 1320155                    /usr/lib/x86_64-linux-gnu/libcairo.so.2.11301.0
7f6755292000-7f6755295000 r--p 00105000 08:01 1320155                    /usr/lib/x86_64-linux-gnu/libcairo.so.2.11301.0
7f6755295000-7f6755296000 rw-p 00108000 08:01 1320155                    /usr/lib/x86_64-linux-gnu/libcairo.so.2.11301.0
7f6755296000-7f6755298000 rw-p 00000000 00:00 0 
7f6755298000-7f67552b7000 r-xp 00000000 08:01 1320109                    /usr/lib/x86_64-linux-gnu/libatk-1.0.so.0.21009.1
7f67552b7000-7f67554b7000 ---p 0001f000 08:01 1320109                    /usr/lib/x86_64-linux-gnu/libatk-1.0.so.0.21009.1
7f67554b7000-7f67554b9000 r--p 0001f000 08:01 1320109                    /usr/lib/x86_64-linux-gnu/libatk-1.0.so.0.21009.1
7f67554b9000-7f67554ba000 rw-p 00021000 08:01 1320109                    /usr/lib/x86_64-linux-gnu/libatk-1.0.so.0.21009.1
7f67554ba000-7f67554bf000 r-xp 00000000 08:01 1320036                    /usr/lib/x86_64-linux-gnu/libXfixes.so.3.1.0
7f67554bf000-7f67556be000 ---p 00005000 08:01 1320036                    /usr/lib/x86_64-linux-gnu/libXfixes.so.3.1.0
7f67556be000-7f67556bf000 r--p 00004000 08:01 1320036                    /usr/lib/x86_64-linux-gnu/libXfixes.so.3.1.0
7f67556bf000-7f67556c0000 rw-p 00005000 08:01 1320036                    /usr/lib/x86_64-linux-gnu/libXfixes.so.3.1.0
7f67556c0000-7f67557f0000 r-xp 00000000 08:01 1320019                    /usr/lib/x86_64-linux-gnu/libX11.so.6.3.0
7f67557f0000-7f67559f0000 ---p 00130000 08:01 1320019                    /usr/lib/x86_64-linux-gnu/libX11.so.6.3.0
7f67559f0000-7f67559f1000 r--p 00130000 08:01 1320019                    /usr/lib/x86_64-linux-gnu/libX11.so.6.3.0
7f67559f1000-7f67559f5000 rw-p 00131000 08:01 1320019                    /usr/lib/x86_64-linux-gnu/libX11.so.6.3.0
7f67559f5000-7f6755a00000 r-xp 00000000 08:01 1320659                    /usr/lib/x86_64-linux-gnu/libpangocairo-1.0.so.0.3600.3
7f6755a00000-7f6755c00000 ---p 0000b000 08:01 1320659                    /usr/lib/x86_64-linux-gnu/libpangocairo-1.0.so.0.3600.3
7f6755c00000-7f6755c01000 r--p 0000b000 08:01 1320659                    /usr/lib/x86_64-linux-gnu/libpangocairo-1.0.so.0.3600.3
7f6755c01000-7f6755c02000 rw-p 0000c000 08:01 1320659                    /usr/lib/x86_64-linux-gnu/libpangocairo-1.0.so.0.3600.3
7f6755c02000-7f6755c05000 r-xp 00000000 08:01 1320346                    /usr/lib/x86_64-linux-gnu/libgmodule-2.0.so.0.4000.0
7f6755c05000-7f6755e04000 ---p 00003000 08:01 1320346                    /usr/lib/x86_64-linux-gnu/libgmodule-2.0.so.0.4000.0
7f6755e04000-7f6755e05000 r--p 00002000 08:01 1320346                    /usr/lib/x86_64-linux-gnu/libgmodule-2.0.so.0.4000.0
7f6755e05000-7f6755e06000 rw-p 00003000 08:01 1320346                    /usr/lib/x86_64-linux-gnu/libgmodule-2.0.so.0.4000.0
7f6755e06000-7f6755eb3000 r-xp 00000000 08:01 1316149                    /usr/lib/x86_64-linux-gnu/libgdk-x11-2.0.so.0.2400.23
7f6755eb3000-7f67560b2000 ---p 000ad000 08:01 1316149                    /usr/lib/x86_64-linux-gnu/libgdk-x11-2.0.so.0.2400.23
7f67560b2000-7f67560b6000 r--p 000ac000 08:01 1316149                    /usr/lib/x86_64-linux-gnu/libgdk-x11-2.0.so.0.2400.23
7f67560b6000-7f67560b8000 rw-p 000b0000 08:01 1316149                    /usr/lib/x86_64-linux-gnu/libgdk-x11-2.0.so.0.2400.23
7f67560b8000-7f67560bd000 r-xp 00000000 08:01 1320062                    /usr/lib/x86_64-linux-gnu/libXtst.so.6.1.0
7f67560bd000-7f67562bc000 ---p 00005000 08:01 1320062                    /usr/lib/x86_64-linux-gnu/libXtst.so.6.1.0
7f67562bc000-7f67562bd000 r--p 00004000 08:01 1320062                    /usr/lib/x86_64-linux-gnu/libXtst.so.6.1.0
7f67562bd000-7f67562be000 rw-p 00005000 08:01 1320062                    /usr/lib/x86_64-linux-gnu/libXtst.so.6.1.0
7f67562be000-7f67562bf000 r-xp 00000000 08:01 1320468                    /usr/lib/x86_64-linux-gnu/libgthread-2.0.so.0.4000.0
7f67562bf000-7f67564be000 ---p 00001000 08:01 1320468                    /usr/lib/x86_64-linux-gnu/libgthread-2.0.so.0.4000.0
7f67564be000-7f67564bf000 r--p 00000000 08:01 1320468                    /usr/lib/x86_64-linux-gnu/libgthread-2.0.so.0.4000.0
7f67564bf000-7f67564c0000 rw-p 00001000 08:01 1320468                    /usr/lib/x86_64-linux-gnu/libgthread-2.0.so.0.4000.0
7f67564c0000-7f67568ef000 r-xp 00000000 08:01 1311187                    /usr/lib/x86_64-linux-gnu/libgtk-x11-2.0.so.0.2400.23
7f67568ef000-7f6756aee000 ---p 0042f000 08:01 1311187                    /usr/lib/x86_64-linux-gnu/libgtk-x11-2.0.so.0.2400.23
7f6756aee000-7f6756af5000 r--p 0042e000 08:01 1311187                    /usr/lib/x86_64-linux-gnu/libgtk-x11-2.0.so.0.2400.23
7f6756af5000-7f6756af9000 rw-p 00435000 08:01 1311187                    /usr/lib/x86_64-linux-gnu/libgtk-x11-2.0.so.0.2400.23
7f6756af9000-7f6756afc000 rw-p 00000000 00:00 0 
7f6756afc000-7f6756afd000 r--s 00000000 08:01 1050161                    /var/cache/fontconfig/dc05db6664285cc2f12bf69c139ae4c3-le64.cache-4
7f6756afd000-7f6756afe000 r--s 00000000 08:01 1050150                    /var/cache/fontconfig/4794a0821666d79190d59a36cb4f44b5-le64.cache-4
7f6756afe000-7f6756b06000 r--s 00000000 08:01 1050113                    /var/cache/fontconfig/3f7329c5293ffd510edef78f73874cfd-le64.cache-4
7f6756b06000-7f6756b13000 r--s 00000000 08:03 31719904                   /home/hedellinger/.cache/fontconfig/e13b20fdb08344e0e664864cc2ede53d-le64.cache-4
7f6756b13000-7f6756b17000 r--s 00000000 08:01 1048686                    /var/cache/fontconfig/7ef2298fde41cc6eeb7af42e48b7d293-le64.cache-4
7f6756b17000-7f6756b83000 r-xp 00000000 08:01 2624293                    /tmp/swtlib-64/libswt-pi-gtk-3550.so
7f6756b83000-7f6756c82000 ---p 0006c000 08:01 2624293                    /tmp/swtlib-64/libswt-pi-gtk-3550.so
7f6756c82000-7f6756c85000 rw-p 0006b000 08:01 2624293                    /tmp/swtlib-64/libswt-pi-gtk-3550.so
7f6756c85000-7f6756c87000 rw-p 00000000 00:00 0 
7f6756c87000-7f6756cc7000 r-xp 00000000 08:01 2624292                    /tmp/swtlib-64/libswt-gtk-3550.so
7f6756cc7000-7f6756dc7000 ---p 00040000 08:01 2624292                    /tmp/swtlib-64/libswt-gtk-3550.so
7f6756dc7000-7f6756dcb000 rw-p 00040000 08:01 2624292                    /tmp/swtlib-64/libswt-gtk-3550.so
7f6756dcb000-7f6756dcc000 rw-p 00000000 00:00 0 
7f6756dcc000-7f6756de0000 r--s 0015a000 08:02 260932                     /usr/local/android-sdk-linux/tools/lib/x86_64/swt.jar
7f6756de0000-7f6756dee000 r--s 001b2000 08:02 261615                     /usr/local/android-sdk-linux/tools/lib/osgi-4.0.0.jar
7f6756dee000-7f6756df8000 r--s 0006d000 08:02 287229                     /usr/local/android-sdk-linux/tools/lib/sdkuilib.jar
7f6756df8000-7f6756df9000 ---p 00000000 00:00 0 
7f6756df9000-7f6756ef9000 rw-p 00000000 00:00 0                          [stack:17197]
7f6756ef9000-7f6756efc000 ---p 00000000 00:00 0 
7f6756efc000-7f6756ffa000 rw-p 00000000 00:00 0                          [stack:17196]
7f6756ffa000-7f6756ffd000 ---p 00000000 00:00 0 
7f6756ffd000-7f67570fb000 rw-p 00000000 00:00 0                          [stack:17195]
7f67570fb000-7f67570fe000 ---p 00000000 00:00 0 
7f67570fe000-7f67571fc000 rw-p 00000000 00:00 0                          [stack:17194]
7f67571fc000-7f67571ff000 ---p 00000000 00:00 0 
7f67571ff000-7f67572fd000 rw-p 00000000 00:00 0                          [stack:17193]
7f67572fd000-7f6757300000 ---p 00000000 00:00 0 
7f6757300000-7f67573fe000 rw-p 00000000 00:00 0                          [stack:17192]
7f67573fe000-7f67577f8000 r--p 00000000 08:01 1318675                    /usr/lib/locale/locale-archive
7f67577f8000-7f67577fb000 ---p 00000000 00:00 0 
7f67577fb000-7f67578f9000 rw-p 00000000 00:00 0                          [stack:17191]
7f67578f9000-7f67578fc000 ---p 00000000 00:00 0 
7f67578fc000-7f67579fa000 rw-p 00000000 00:00 0                          [stack:17190]
7f67579fa000-7f67579fb000 ---p 00000000 00:00 0 
7f67579fb000-7f6758000000 rw-p 00000000 00:00 0                          [stack:17189]
7f6758000000-7f6758021000 rw-p 00000000 00:00 0 
7f6758021000-7f675c000000 ---p 00000000 00:00 0 
7f675c000000-7f675c001000 r--s 00000000 08:01 1050128                    /var/cache/fontconfig/56cf4f4769d0f4abc89a4895d7bd3ae1-le64.cache-4
7f675c001000-7f675c002000 r--s 00000000 08:01 1050127                    /var/cache/fontconfig/b9d506c9ac06c20b433354fa67a72993-le64.cache-4
7f675c002000-7f675c006000 r--s 00017000 08:02 287119                     /usr/local/android-sdk-linux/tools/lib/org-eclipse-core-commands-3.6.0.jar
7f675c006000-7f675c00e000 r--s 0004e000 08:02 261795                     /usr/local/android-sdk-linux/tools/lib/httpclient-4.1.1.jar
7f675c00e000-7f675c015000 r--s 00053000 08:02 261719                     /usr/local/android-sdk-linux/tools/lib/commons-compress-1.8.1.jar
7f675c015000-7f675c03f000 r--s 001e9000 08:02 287045                     /usr/local/android-sdk-linux/tools/lib/guava-15.0.jar
7f675c03f000-7f675c054000 r--s 000f1000 08:02 287316                     /usr/local/android-sdk-linux/tools/lib/org-eclipse-jface-3.6.2.jar
7f675c054000-7f675d000000 rw-p 00000000 00:00 0 
7f675d000000-7f675dbe0000 rwxp 00000000 00:00 0 
7f675dbe0000-7f676c000000 ---p 00000000 00:00 0 
7f676c000000-7f676cac6000 rw-p 00000000 00:00 0 
7f676cac6000-7f6770000000 ---p 00000000 00:00 0 
7f6770000000-7f6770001000 r--s 00000000 08:01 1050090                    /var/cache/fontconfig/0c9eb80ebd1c36541ebe2852d3bb0c49-le64.cache-4
7f6770001000-7f6770003000 r--s 00017000 08:02 287195                     /usr/local/android-sdk-linux/tools/lib/org-eclipse-equinox-common-3.6.0.jar
7f6770003000-7f6770005000 r--s 0000d000 08:02 261430                     /usr/local/android-sdk-linux/tools/lib/commons-codec-1.4.jar
7f6770005000-7f677000f000 r--s 000a4000 08:02 260803                     /usr/local/android-sdk-linux/tools/lib/sdklib.jar
7f677000f000-7f6770361000 rw-p 00000000 00:00 0 
7f6770361000-7f6770536000 r--s 03c4d000 08:01 1448357                    /usr/lib/jvm/java-8-oracle/jre/lib/rt.jar
7f6770536000-7f6770eaf000 rw-p 00000000 00:00 0 
7f6770eaf000-7f6770eb0000 ---p 00000000 00:00 0 
7f6770eb0000-7f6770fb0000 rw-p 00000000 00:00 0                          [stack:17188]
7f6770fb0000-7f6770fb1000 ---p 00000000 00:00 0 
7f6770fb1000-7f67710b1000 rw-p 00000000 00:00 0                          [stack:17187]
7f67710b1000-7f67710b2000 ---p 00000000 00:00 0 
7f67710b2000-7f67711b2000 rw-p 00000000 00:00 0                          [stack:17186]
7f67711b2000-7f67711b3000 ---p 00000000 00:00 0 
7f67711b3000-7f67712e3000 rw-p 00000000 00:00 0                          [stack:17185]
7f67712e3000-7f6771673000 ---p 00000000 00:00 0 
7f6771673000-7f677168f000 r-xp 00000000 08:01 1586887                    /usr/lib/jvm/java-8-oracle/jre/lib/amd64/libzip.so
7f677168f000-7f677188e000 ---p 0001c000 08:01 1586887                    /usr/lib/jvm/java-8-oracle/jre/lib/amd64/libzip.so
7f677188e000-7f677188f000 rw-p 0001b000 08:01 1586887                    /usr/lib/jvm/java-8-oracle/jre/lib/amd64/libzip.so
7f677188f000-7f677189a000 r-xp 00000000 08:01 135264                     /lib/x86_64-linux-gnu/libnss_files-2.19.so
7f677189a000-7f6771a99000 ---p 0000b000 08:01 135264                     /lib/x86_64-linux-gnu/libnss_files-2.19.so
7f6771a99000-7f6771a9a000 r--p 0000a000 08:01 135264                     /lib/x86_64-linux-gnu/libnss_files-2.19.so
7f6771a9a000-7f6771a9b000 rw-p 0000b000 08:01 135264                     /lib/x86_64-linux-gnu/libnss_files-2.19.so
7f6771a9b000-7f6771aa6000 r-xp 00000000 08:01 135274                     /lib/x86_64-linux-gnu/libnss_nis-2.19.so
7f6771aa6000-7f6771ca5000 ---p 0000b000 08:01 135274                     /lib/x86_64-linux-gnu/libnss_nis-2.19.so
7f6771ca5000-7f6771ca6000 r--p 0000a000 08:01 135274                     /lib/x86_64-linux-gnu/libnss_nis-2.19.so
7f6771ca6000-7f6771ca7000 rw-p 0000b000 08:01 135274                     /lib/x86_64-linux-gnu/libnss_nis-2.19.so
7f6771ca7000-7f6771cbe000 r-xp 00000000 08:01 135258                     /lib/x86_64-linux-gnu/libnsl-2.19.so
7f6771cbe000-7f6771ebd000 ---p 00017000 08:01 135258                     /lib/x86_64-linux-gnu/libnsl-2.19.so
7f6771ebd000-7f6771ebe000 r--p 00016000 08:01 135258                     /lib/x86_64-linux-gnu/libnsl-2.19.so
7f6771ebe000-7f6771ebf000 rw-p 00017000 08:01 135258                     /lib/x86_64-linux-gnu/libnsl-2.19.so
7f6771ebf000-7f6771ec1000 rw-p 00000000 00:00 0 
7f6771ec1000-7f6771eca000 r-xp 00000000 08:01 135260                     /lib/x86_64-linux-gnu/libnss_compat-2.19.so
7f6771eca000-7f67720c9000 ---p 00009000 08:01 135260                     /lib/x86_64-linux-gnu/libnss_compat-2.19.so
7f67720c9000-7f67720ca000 r--p 00008000 08:01 135260                     /lib/x86_64-linux-gnu/libnss_compat-2.19.so
7f67720ca000-7f67720cb000 rw-p 00009000 08:01 135260                     /lib/x86_64-linux-gnu/libnss_compat-2.19.so
7f67720cb000-7f67720f5000 r-xp 00000000 08:01 1586858                    /usr/lib/jvm/java-8-oracle/jre/lib/amd64/libjava.so
7f67720f5000-7f67722f5000 ---p 0002a000 08:01 1586858                    /usr/lib/jvm/java-8-oracle/jre/lib/amd64/libjava.so
7f67722f5000-7f67722f7000 rw-p 0002a000 08:01 1586858                    /usr/lib/jvm/java-8-oracle/jre/lib/amd64/libjava.so
7f67722f7000-7f6772304000 r-xp 00000000 08:01 1586857                    /usr/lib/jvm/java-8-oracle/jre/lib/amd64/libverify.so
7f6772304000-7f6772504000 ---p 0000d000 08:01 1586857                    /usr/lib/jvm/java-8-oracle/jre/lib/amd64/libverify.so
7f6772504000-7f6772506000 rw-p 0000d000 08:01 1586857                    /usr/lib/jvm/java-8-oracle/jre/lib/amd64/libverify.so
7f6772506000-7f677250d000 r-xp 00000000 08:01 135317                     /lib/x86_64-linux-gnu/librt-2.19.so
7f677250d000-7f677270c000 ---p 00007000 08:01 135317                     /lib/x86_64-linux-gnu/librt-2.19.so
7f677270c000-7f677270d000 r--p 00006000 08:01 135317                     /lib/x86_64-linux-gnu/librt-2.19.so
7f677270d000-7f677270e000 rw-p 00007000 08:01 135317                     /lib/x86_64-linux-gnu/librt-2.19.so
7f677270e000-7f6772813000 r-xp 00000000 08:01 135239                     /lib/x86_64-linux-gnu/libm-2.19.so
7f6772813000-7f6772a12000 ---p 00105000 08:01 135239                     /lib/x86_64-linux-gnu/libm-2.19.so
7f6772a12000-7f6772a13000 r--p 00104000 08:01 135239                     /lib/x86_64-linux-gnu/libm-2.19.so
7f6772a13000-7f6772a14000 rw-p 00105000 08:01 135239                     /lib/x86_64-linux-gnu/libm-2.19.so
7f6772a14000-7f677362e000 r-xp 00000000 08:01 1727413                    /usr/lib/jvm/java-8-oracle/jre/lib/amd64/server/libjvm.so
7f677362e000-7f677382d000 ---p 00c1a000 08:01 1727413                    /usr/lib/jvm/java-8-oracle/jre/lib/amd64/server/libjvm.so
7f677382d000-7f67738f6000 rw-p 00c19000 08:01 1727413                    /usr/lib/jvm/java-8-oracle/jre/lib/amd64/server/libjvm.so
7f67738f6000-7f6773937000 rw-p 00000000 00:00 0 
7f6773937000-7f6773af3000 r-xp 00000000 08:01 135189                     /lib/x86_64-linux-gnu/libc-2.19.so
7f6773af3000-7f6773cf2000 ---p 001bc000 08:01 135189                     /lib/x86_64-linux-gnu/libc-2.19.so
7f6773cf2000-7f6773cf6000 r--p 001bb000 08:01 135189                     /lib/x86_64-linux-gnu/libc-2.19.so
7f6773cf6000-7f6773cf8000 rw-p 001bf000 08:01 135189                     /lib/x86_64-linux-gnu/libc-2.19.so
7f6773cf8000-7f6773cfd000 rw-p 00000000 00:00 0 
7f6773cfd000-7f6773d00000 r-xp 00000000 08:01 135206                     /lib/x86_64-linux-gnu/libdl-2.19.so
7f6773d00000-7f6773eff000 ---p 00003000 08:01 135206                     /lib/x86_64-linux-gnu/libdl-2.19.so
7f6773eff000-7f6773f00000 r--p 00002000 08:01 135206                     /lib/x86_64-linux-gnu/libdl-2.19.so
7f6773f00000-7f6773f01000 rw-p 00003000 08:01 135206                     /lib/x86_64-linux-gnu/libdl-2.19.so
7f6773f01000-7f6773f18000 r-xp 00000000 08:01 1840152                    /usr/lib/jvm/java-8-oracle/jre/lib/amd64/jli/libjli.so
7f6773f18000-7f6774117000 ---p 00017000 08:01 1840152                    /usr/lib/jvm/java-8-oracle/jre/lib/amd64/jli/libjli.so
7f6774117000-7f6774118000 rw-p 00016000 08:01 1840152                    /usr/lib/jvm/java-8-oracle/jre/lib/amd64/jli/libjli.so
7f6774118000-7f6774131000 r-xp 00000000 08:01 135309                     /lib/x86_64-linux-gnu/libpthread-2.19.so
7f6774131000-7f6774330000 ---p 00019000 08:01 135309                     /lib/x86_64-linux-gnu/libpthread-2.19.so
7f6774330000-7f6774331000 r--p 00018000 08:01 135309                     /lib/x86_64-linux-gnu/libpthread-2.19.so
7f6774331000-7f6774332000 rw-p 00019000 08:01 135309                     /lib/x86_64-linux-gnu/libpthread-2.19.so
7f6774332000-7f6774336000 rw-p 00000000 00:00 0 
7f6774336000-7f6774359000 r-xp 00000000 08:01 135163                     /lib/x86_64-linux-gnu/ld-2.19.so
7f6774359000-7f677435a000 r--s 00004000 08:02 261738                     /usr/local/android-sdk-linux/tools/lib/swtmenubar.jar
7f677435a000-7f677435f000 r--s 00028000 08:02 287062                     /usr/local/android-sdk-linux/tools/lib/httpcore-4.1.jar
7f677435f000-7f677437e000 rw-p 00000000 00:00 0 
7f677437e000-7f67743b5000 ---p 00000000 00:00 0 
7f67743b5000-7f67743d4000 rw-p 00000000 00:00 0 
7f67743d4000-7f677440a000 ---p 00000000 00:00 0 
7f677440a000-7f6774424000 rw-p 00000000 00:00 0 
7f6774424000-7f6774435000 ---p 00000000 00:00 0 
7f6774435000-7f6774436000 rw-p 00000000 00:00 0 
7f6774436000-7f6774439000 ---p 00000000 00:00 0 
7f6774439000-7f677453b000 rw-p 00000000 00:00 0                          [stack:17184]
7f677453b000-7f677453d000 r--s 0000d000 08:02 261059                     /usr/local/android-sdk-linux/tools/lib/commons-logging-1.1.1.jar
7f677453d000-7f677453f000 r--s 00005000 08:02 260902                     /usr/local/android-sdk-linux/tools/lib/httpmime-4.1.jar
7f677453f000-7f6774540000 r--s 00004000 08:02 261330                     /usr/local/android-sdk-linux/tools/lib/dvlib.jar
7f6774540000-7f6774541000 r--s 0000a000 08:02 261065                     /usr/local/android-sdk-linux/tools/lib/kxml2-2.3.0.jar
7f6774541000-7f6774544000 r--s 0000f000 08:02 287230                     /usr/local/android-sdk-linux/tools/lib/layoutlib-api.jar
7f6774544000-7f6774546000 r--s 00012000 08:02 261280                     /usr/local/android-sdk-linux/tools/lib/common.jar
7f6774546000-7f6774547000 r--s 00007000 08:02 261798                     /usr/local/android-sdk-linux/tools/lib/sdkmanager.jar
7f6774547000-7f677454c000 rw-p 00000000 00:00 0 
7f677454c000-7f6774554000 rw-s 00000000 08:01 1972741                    /tmp/hsperfdata_hedellinger/17146
7f6774554000-7f6774555000 rw-p 00000000 00:00 0 
7f6774555000-7f6774556000 r--p 00000000 00:00 0 
7f6774556000-7f6774558000 rw-p 00000000 00:00 0 
7f6774558000-7f6774559000 r--p 00022000 08:01 135163                     /lib/x86_64-linux-gnu/ld-2.19.so
7f6774559000-7f677455a000 rw-p 00023000 08:01 135163                     /lib/x86_64-linux-gnu/ld-2.19.so
7f677455a000-7f677455b000 rw-p 00000000 00:00 0 
7fff72836000-7fff72857000 rw-p 00000000 00:00 0                          [stack]
7fff7294e000-7fff72950000 r-xp 00000000 00:00 0                          [vdso]
ffffffffff600000-ffffffffff601000 r-xp 00000000 00:00 0                  [vsyscall]

VM Arguments:
jvm_args: -Xmx256M -Dcom.android.sdkmanager.toolsdir=/usr/local/android-sdk-linux/tools 
java_command: com.android.sdkmanager.Main
java_class_path (initial): /usr/local/android-sdk-linux/tools/lib/sdkmanager.jar:/usr/local/android-sdk-linux/tools/lib/swtmenubar.jar:/usr/local/android-sdk-linux/tools/lib/x86_64/swt.jar
Launcher Type: SUN_STANDARD

Environment Variables:
PATH=/usr/local/sbin:/usr/local/bin:/usr/sbin:/usr/bin:/sbin:/bin:/usr/games:/usr/local/games:/usr/local/android-sdk-linux//platform-tools/:/usr/local/android-sdk-linux//tools/:/usr/local/Sencha/Cmd/5.0.0.160/
SHELL=/bin/bash
DISPLAY=:0

Signal Handlers:
SIGSEGV: [libjvm.so+0xa2fc90], sa_mask[0]=0x7ffbfeff, sa_flags=0x10000004
SIGBUS: [libjvm.so+0xa2fc90], sa_mask[0]=0x7ffbfeff, sa_flags=0x10000004
SIGFPE: [libjvm.so+0x89b4b0], sa_mask[0]=0x7ffbfeff, sa_flags=0x10000004
SIGPIPE: SIG_IGN, sa_mask[0]=0x00001000, sa_flags=0x10000000
SIGXFSZ: [libjvm.so+0x89b4b0], sa_mask[0]=0x7ffbfeff, sa_flags=0x10000004
SIGILL: [libjvm.so+0x89b4b0], sa_mask[0]=0x7ffbfeff, sa_flags=0x10000004
SIGUSR1: SIG_DFL, sa_mask[0]=0x00000000, sa_flags=0x00000000
SIGUSR2: [libjvm.so+0x89cc50], sa_mask[0]=0x00000000, sa_flags=0x10000004
SIGHUP: [libjvm.so+0x89df00], sa_mask[0]=0x7ffbfeff, sa_flags=0x10000004
SIGINT: [libjvm.so+0x89df00], sa_mask[0]=0x7ffbfeff, sa_flags=0x10000004
SIGTERM: [libjvm.so+0x89df00], sa_mask[0]=0x7ffbfeff, sa_flags=0x10000004
SIGQUIT: [libjvm.so+0x89df00], sa_mask[0]=0x7ffbfeff, sa_flags=0x10000004


---------------  S Y S T E M  ---------------

OS:DISTRIB_ID=Ubuntu
DISTRIB_RELEASE=14.04
DISTRIB_CODENAME=trusty
DISTRIB_DESCRIPTION="Ubuntu 14.04 LTS"

uname:Linux 3.13.0-30-generic #54-Ubuntu SMP Mon Jun 9 22:45:01 UTC 2014 x86_64
libc:glibc 2.19 NPTL 2.19 
rlimit: STACK 8192k, CORE 0k, NPROC 30700, NOFILE 4096, AS infinity
load average:0,43 0,49 0,44

/proc/meminfo:
MemTotal:        3958944 kB
MemFree:          129536 kB
Buffers:           55440 kB
Cached:          1751820 kB
SwapCached:          148 kB
Active:          2130820 kB
Inactive:        1339592 kB
Active(anon):    1353876 kB
Inactive(anon):   372656 kB
Active(file):     776944 kB
Inactive(file):   966936 kB
Unevictable:          64 kB
Mlocked:              64 kB
SwapTotal:       2049020 kB
SwapFree:        2048440 kB
Dirty:            205088 kB
Writeback:             0 kB
AnonPages:       1663112 kB
Mapped:           322728 kB
Shmem:             63344 kB
Slab:             207528 kB
SReclaimable:     167640 kB
SUnreclaim:        39888 kB
KernelStack:        5368 kB
PageTables:        49388 kB
NFS_Unstable:          0 kB
Bounce:                0 kB
WritebackTmp:          0 kB
CommitLimit:     4028492 kB
Committed_AS:    6082264 kB
VmallocTotal:   34359738367 kB
VmallocUsed:      383192 kB
VmallocChunk:   34359350268 kB
HardwareCorrupted:     0 kB
AnonHugePages:    368640 kB
HugePages_Total:       0
HugePages_Free:        0
HugePages_Rsvd:        0
HugePages_Surp:        0
Hugepagesize:       2048 kB
DirectMap4k:      192448 kB
DirectMap2M:     3913728 kB


CPU:total 4 (2 cores per cpu, 2 threads per core) family 6 model 42 stepping 7, cmov, cx8, fxsr, mmx, sse, sse2, sse3, ssse3, sse4.1, sse4.2, popcnt, avx, aes, clmul, ht, tsc, tscinvbit

/proc/cpuinfo:
processor	: 0
vendor_id	: GenuineIntel
cpu family	: 6
model		: 42
model name	: Intel(R) Core(TM) i5-2430M CPU @ 2.40GHz
stepping	: 7
microcode	: 0x1a
cpu MHz		: 1600.000
cache size	: 3072 KB
physical id	: 0
siblings	: 4
core id		: 0
cpu cores	: 2
apicid		: 0
initial apicid	: 0
fpu		: yes
fpu_exception	: yes
cpuid level	: 13
wp		: yes
flags		: fpu vme de pse tsc msr pae mce cx8 apic sep mtrr pge mca cmov pat pse36 clflush dts acpi mmx fxsr sse sse2 ss ht tm pbe syscall nx rdtscp lm constant_tsc arch_perfmon pebs bts nopl xtopology nonstop_tsc aperfmperf eagerfpu pni pclmulqdq dtes64 monitor ds_cpl vmx est tm2 ssse3 cx16 xtpr pdcm pcid sse4_1 sse4_2 x2apic popcnt tsc_deadline_timer aes xsave avx lahf_lm ida arat epb xsaveopt pln pts dtherm tpr_shadow vnmi flexpriority ept vpid
bogomips	: 4789.03
clflush size	: 64
cache_alignment	: 64
address sizes	: 36 bits physical, 48 bits virtual
power management:

processor	: 1
vendor_id	: GenuineIntel
cpu family	: 6
model		: 42
model name	: Intel(R) Core(TM) i5-2430M CPU @ 2.40GHz
stepping	: 7
microcode	: 0x1a
cpu MHz		: 800.000
cache size	: 3072 KB
physical id	: 0
siblings	: 4
core id		: 0
cpu cores	: 2
apicid		: 1
initial apicid	: 1
fpu		: yes
fpu_exception	: yes
cpuid level	: 13
wp		: yes
flags		: fpu vme de pse tsc msr pae mce cx8 apic sep mtrr pge mca cmov pat pse36 clflush dts acpi mmx fxsr sse sse2 ss ht tm pbe syscall nx rdtscp lm constant_tsc arch_perfmon pebs bts nopl xtopology nonstop_tsc aperfmperf eagerfpu pni pclmulqdq dtes64 monitor ds_cpl vmx est tm2 ssse3 cx16 xtpr pdcm pcid sse4_1 sse4_2 x2apic popcnt tsc_deadline_timer aes xsave avx lahf_lm ida arat epb xsaveopt pln pts dtherm tpr_shadow vnmi flexpriority ept vpid
bogomips	: 4789.03
clflush size	: 64
cache_alignment	: 64
address sizes	: 36 bits physical, 48 bits virtual
power management:

processor	: 2
vendor_id	: GenuineIntel
cpu family	: 6
model		: 42
model name	: Intel(R) Core(TM) i5-2430M CPU @ 2.40GHz
stepping	: 7
microcode	: 0x1a
cpu MHz		: 1000.000
cache size	: 3072 KB
physical id	: 0
siblings	: 4
core id		: 1
cpu cores	: 2
apicid		: 2
initial apicid	: 2
fpu		: yes
fpu_exception	: yes
cpuid level	: 13
wp		: yes
flags		: fpu vme de pse tsc msr pae mce cx8 apic sep mtrr pge mca cmov pat pse36 clflush dts acpi mmx fxsr sse sse2 ss ht tm pbe syscall nx rdtscp lm constant_tsc arch_perfmon pebs bts nopl xtopology nonstop_tsc aperfmperf eagerfpu pni pclmulqdq dtes64 monitor ds_cpl vmx est tm2 ssse3 cx16 xtpr pdcm pcid sse4_1 sse4_2 x2apic popcnt tsc_deadline_timer aes xsave avx lahf_lm ida arat epb xsaveopt pln pts dtherm tpr_shadow vnmi flexpriority ept vpid
bogomips	: 4789.03
clflush size	: 64
cache_alignment	: 64
address sizes	: 36 bits physical, 48 bits virtual
power management:

processor	: 3
vendor_id	: GenuineIntel
cpu family	: 6
model		: 42
model name	: Intel(R) Core(TM) i5-2430M CPU @ 2.40GHz
stepping	: 7
microcode	: 0x1a
cpu MHz		: 2400.000
cache size	: 3072 KB
physical id	: 0
siblings	: 4
core id		: 1
cpu cores	: 2
apicid		: 3
initial apicid	: 3
fpu		: yes
fpu_exception	: yes
cpuid level	: 13
wp		: yes
flags		: fpu vme de pse tsc msr pae mce cx8 apic sep mtrr pge mca cmov pat pse36 clflush dts acpi mmx fxsr sse sse2 ss ht tm pbe syscall nx rdtscp lm constant_tsc arch_perfmon pebs bts nopl xtopology nonstop_tsc aperfmperf eagerfpu pni pclmulqdq dtes64 monitor ds_cpl vmx est tm2 ssse3 cx16 xtpr pdcm pcid sse4_1 sse4_2 x2apic popcnt tsc_deadline_timer aes xsave avx lahf_lm ida arat epb xsaveopt pln pts dtherm tpr_shadow vnmi flexpriority ept vpid
bogomips	: 4789.03
clflush size	: 64
cache_alignment	: 64
address sizes	: 36 bits physical, 48 bits virtual
power management:



Memory: 4k page, physical 3958944k(129536k free), swap 2049020k(2048440k free)

vm_info: Java HotSpot(TM) 64-Bit Server VM (25.5-b02) for linux-amd64 JRE (1.8.0_05-b13), built on Mar 18 2014 00:29:27 by "java_re" with gcc 4.3.0 20080428 (Red Hat 4.3.0-8)

time: Thu Jul  3 19:35:01 2014
elapsed time: 92 seconds

